[  1%] Built target turtlesim__cpp
[ 11%] Built target turtlesim__rosidl_generator_c
[ 11%] Built target ament_cmake_python_copy_turtlesim
[ 21%] Built target turtlesim__rosidl_typesupport_c
[ 31%] Built target turtlesim__rosidl_typesupport_introspection_cpp
[ 56%] Built target turtlesim__rosidl_typesupport_cpp
[ 56%] Built target turtlesim__rosidl_typesupport_introspection_c
[ 61%] Built target turtlesim__rosidl_typesupport_fastrtps_cpp
[ 71%] Built target turtlesim__rosidl_typesupport_fastrtps_c
[ 71%] Built target turtlesim
[ 73%] Built target draw_square
[ 75%] Built target mimic
[ 77%] Built target turtle_teleop_key
[ 83%] Built target turtlesim_node
[ 84%] Built target turtlesim__py
[ 93%] Built target turtlesim__rosidl_generator_py
[ 97%] Built target turtlesim__rosidl_typesupport_c__pyext
[ 97%] Built target turtlesim__rosidl_typesupport_introspection_c__pyext
[100%] Built target turtlesim__rosidl_typesupport_fastrtps_c__pyext
running egg_info
writing turtlesim.egg-info/PKG-INFO
writing dependency_links to turtlesim.egg-info/dependency_links.txt
writing top-level names to turtlesim.egg-info/top_level.txt
reading manifest file 'turtlesim.egg-info/SOURCES.txt'
