/home/charles/.local/lib/python3.10/site-packages/setuptools/_distutils/dist.py:261: UserWarning: Unknown distribution option: 'tests_require'
  warnings.warn(msg)
running egg_info
writing ../../build/cv_basics/cv_basics.egg-info/PKG-INFO
writing dependency_links to ../../build/cv_basics/cv_basics.egg-info/dependency_links.txt
writing entry points to ../../build/cv_basics/cv_basics.egg-info/entry_points.txt
writing requirements to ../../build/cv_basics/cv_basics.egg-info/requires.txt
writing top-level names to ../../build/cv_basics/cv_basics.egg-info/top_level.txt
reading manifest file '../../build/cv_basics/cv_basics.egg-info/SOURCES.txt'
writing manifest file '../../build/cv_basics/cv_basics.egg-info/SOURCES.txt'
running build
running build_py
copying cv_basics/webcam_sub.py -> /home/charles/devel/vulnerable_road_users/build/cv_basics/build/lib/cv_basics
copying cv_basics/__init__.py -> /home/charles/devel/vulnerable_road_users/build/cv_basics/build/lib/cv_basics
copying cv_basics/webcam_pub.py -> /home/charles/devel/vulnerable_road_users/build/cv_basics/build/lib/cv_basics
running install
running install_lib
copying /home/charles/devel/vulnerable_road_users/build/cv_basics/build/lib/cv_basics/webcam_sub.py -> /home/charles/devel/vulnerable_road_users/install/cv_basics/lib/python3.10/site-packages/cv_basics
byte-compiling /home/charles/devel/vulnerable_road_users/install/cv_basics/lib/python3.10/site-packages/cv_basics/webcam_sub.py to webcam_sub.cpython-310.pyc
running install_data
copying resource/cv_basics -> /home/charles/devel/vulnerable_road_users/install/cv_basics/share/ament_index/resource_index/packages
copying package.xml -> /home/charles/devel/vulnerable_road_users/install/cv_basics/share/cv_basics
running install_egg_info
removing '/home/charles/devel/vulnerable_road_users/install/cv_basics/lib/python3.10/site-packages/cv_basics-0.0.0-py3.10.egg-info' (and everything under it)
Copying ../../build/cv_basics/cv_basics.egg-info to /home/charles/devel/vulnerable_road_users/install/cv_basics/lib/python3.10/site-packages/cv_basics-0.0.0-py3.10.egg-info
running install_scripts
Installing img_publisher script to /home/charles/devel/vulnerable_road_users/install/cv_basics/lib/cv_basics
Installing img_subscriber script to /home/charles/devel/vulnerable_road_users/install/cv_basics/lib/cv_basics
writing list of installed files to '/home/charles/devel/vulnerable_road_users/build/cv_basics/install.log'
