[0.555s] Invoking command in '/home/charles/ros2_ws/src/cv_basics': PYTHONPATH=/home/charles/ros2_ws/build/cv_basics/prefix_override:/usr/lib/python3/dist-packages/colcon_core/task/python/colcon_distutils_commands:/home/charles/ros2_ws/install/cv_basics/lib/python3.10/site-packages:${PYTHONPATH} /usr/bin/python3 -W ignore:setup.py install is deprecated setup.py egg_info --egg-base ../../build/cv_basics build --build-base /home/charles/ros2_ws/build/cv_basics/build install --record /home/charles/ros2_ws/build/cv_basics/install.log --single-version-externally-managed install_data
[0.652s] /home/charles/.local/lib/python3.10/site-packages/setuptools/_distutils/dist.py:261: UserWarning: Unknown distribution option: 'tests_require'
[0.652s]   warnings.warn(msg)
[0.700s] running egg_info
[0.708s] writing ../../build/cv_basics/cv_basics.egg-info/PKG-INFO
[0.717s] writing dependency_links to ../../build/cv_basics/cv_basics.egg-info/dependency_links.txt
[0.717s] writing entry points to ../../build/cv_basics/cv_basics.egg-info/entry_points.txt
[0.717s] writing requirements to ../../build/cv_basics/cv_basics.egg-info/requires.txt
[0.717s] writing top-level names to ../../build/cv_basics/cv_basics.egg-info/top_level.txt
[0.734s] reading manifest file '../../build/cv_basics/cv_basics.egg-info/SOURCES.txt'
[0.734s] Traceback (most recent call last):
[0.735s]   File "/home/charles/ros2_ws/src/cv_basics/setup.py", line 5, in <module>
[0.735s]     setup(
[0.735s]   File "/home/charles/.local/lib/python3.10/site-packages/setuptools/__init__.py", line 117, in setup
[0.735s]     return distutils.core.setup(**attrs)
[0.735s]   File "/home/charles/.local/lib/python3.10/site-packages/setuptools/_distutils/core.py", line 183, in setup
[0.735s]     return run_commands(dist)
[0.735s]   File "/home/charles/.local/lib/python3.10/site-packages/setuptools/_distutils/core.py", line 199, in run_commands
[0.735s]     dist.run_commands()
[0.735s]   File "/home/charles/.local/lib/python3.10/site-packages/setuptools/_distutils/dist.py", line 954, in run_commands
[0.735s]     self.run_command(cmd)
[0.735s]   File "/home/charles/.local/lib/python3.10/site-packages/setuptools/dist.py", line 950, in run_command
[0.735s]     super().run_command(command)
[0.735s]   File "/home/charles/.local/lib/python3.10/site-packages/setuptools/_distutils/dist.py", line 973, in run_command
[0.735s]     cmd_obj.run()
[0.735s]   File "/home/charles/.local/lib/python3.10/site-packages/setuptools/command/egg_info.py", line 311, in run
[0.735s]     self.find_sources()
[0.735s]   File "/home/charles/.local/lib/python3.10/site-packages/setuptools/command/egg_info.py", line 319, in find_sources
[0.735s]     mm.run()
[0.735s]   File "/home/charles/.local/lib/python3.10/site-packages/setuptools/command/egg_info.py", line 545, in run
[0.735s]     self.prune_file_list()
[0.735s]   File "/home/charles/.local/lib/python3.10/site-packages/setuptools/command/sdist.py", line 161, in prune_file_list
[0.735s]     super().prune_file_list()
[0.736s]   File "/home/charles/.local/lib/python3.10/site-packages/setuptools/_distutils/command/sdist.py", line 380, in prune_file_list
[0.736s]     base_dir = self.distribution.get_fullname()
[0.736s]   File "/home/charles/.local/lib/python3.10/site-packages/setuptools/_core_metadata.py", line 267, in get_fullname
[0.736s]     return _distribution_fullname(self.get_name(), self.get_version())
[0.736s]   File "/home/charles/.local/lib/python3.10/site-packages/setuptools/_core_metadata.py", line 285, in _distribution_fullname
[0.736s]     canonicalize_version(version, strip_trailing_zero=False),
[0.736s] TypeError: canonicalize_version() got an unexpected keyword argument 'strip_trailing_zero'
[0.750s] Invoked command in '/home/charles/ros2_ws/src/cv_basics' returned '1': PYTHONPATH=/home/charles/ros2_ws/build/cv_basics/prefix_override:/usr/lib/python3/dist-packages/colcon_core/task/python/colcon_distutils_commands:/home/charles/ros2_ws/install/cv_basics/lib/python3.10/site-packages:${PYTHONPATH} /usr/bin/python3 -W ignore:setup.py install is deprecated setup.py egg_info --egg-base ../../build/cv_basics build --build-base /home/charles/ros2_ws/build/cv_basics/build install --record /home/charles/ros2_ws/build/cv_basics/install.log --single-version-externally-managed install_data
