[0.452s] Invoking command in '/home/charles/ros2_ws/src/cv_basics': PYTHONPATH=/home/charles/ros2_ws/build/cv_basics/prefix_override:/usr/lib/python3/dist-packages/colcon_core/task/python/colcon_distutils_commands:/home/charles/ros2_ws/install/cv_basics/lib/python3.10/site-packages:${PYTHONPATH} /usr/bin/python3 -W ignore:setup.py install is deprecated setup.py egg_info --egg-base ../../build/cv_basics build --build-base /home/charles/ros2_ws/build/cv_basics/build install --record /home/charles/ros2_ws/build/cv_basics/install.log --single-version-externally-managed install_data
[0.541s] /home/charles/.local/lib/python3.10/site-packages/setuptools/_distutils/dist.py:261: UserWarning: Unknown distribution option: 'tests_require'
[0.541s]   warnings.warn(msg)
[0.591s] running egg_info
[0.607s] writing ../../build/cv_basics/cv_basics.egg-info/PKG-INFO
[0.607s] writing dependency_links to ../../build/cv_basics/cv_basics.egg-info/dependency_links.txt
[0.608s] writing entry points to ../../build/cv_basics/cv_basics.egg-info/entry_points.txt
[0.608s] writing requirements to ../../build/cv_basics/cv_basics.egg-info/requires.txt
[0.608s] writing top-level names to ../../build/cv_basics/cv_basics.egg-info/top_level.txt
[0.626s] reading manifest file '../../build/cv_basics/cv_basics.egg-info/SOURCES.txt'
[0.627s] writing manifest file '../../build/cv_basics/cv_basics.egg-info/SOURCES.txt'
[0.627s] running build
[0.627s] running build_py
[0.627s] copying cv_basics/webcam_sub.py -> /home/charles/ros2_ws/build/cv_basics/build/lib/cv_basics
[0.628s] copying cv_basics/__init__.py -> /home/charles/ros2_ws/build/cv_basics/build/lib/cv_basics
[0.628s] copying cv_basics/webcam_pub.py -> /home/charles/ros2_ws/build/cv_basics/build/lib/cv_basics
[0.628s] warning: build_py: byte-compiling is disabled, skipping.
[0.628s] 
[0.628s] running install
[0.631s] running install_lib
[0.640s] copying /home/charles/ros2_ws/build/cv_basics/build/lib/cv_basics/webcam_sub.py -> /home/charles/ros2_ws/install/cv_basics/lib/python3.10/site-packages/cv_basics
[0.640s] warning: install_lib: byte-compiling is disabled, skipping.
[0.640s] 
[0.640s] running install_data
[0.640s] copying resource/cv_basics -> /home/charles/ros2_ws/install/cv_basics/share/ament_index/resource_index/packages
[0.641s] copying package.xml -> /home/charles/ros2_ws/install/cv_basics/share/cv_basics
[0.641s] running install_egg_info
[0.650s] removing '/home/charles/ros2_ws/install/cv_basics/lib/python3.10/site-packages/cv_basics-0.0.0-py3.10.egg-info' (and everything under it)
[0.651s] Copying ../../build/cv_basics/cv_basics.egg-info to /home/charles/ros2_ws/install/cv_basics/lib/python3.10/site-packages/cv_basics-0.0.0-py3.10.egg-info
[0.651s] running install_scripts
[0.724s] Installing img_publisher script to /home/charles/ros2_ws/install/cv_basics/lib/cv_basics
[0.724s] Installing img_subscriber script to /home/charles/ros2_ws/install/cv_basics/lib/cv_basics
[0.724s] writing list of installed files to '/home/charles/ros2_ws/build/cv_basics/install.log'
[0.740s] Invoked command in '/home/charles/ros2_ws/src/cv_basics' returned '0': PYTHONPATH=/home/charles/ros2_ws/build/cv_basics/prefix_override:/usr/lib/python3/dist-packages/colcon_core/task/python/colcon_distutils_commands:/home/charles/ros2_ws/install/cv_basics/lib/python3.10/site-packages:${PYTHONPATH} /usr/bin/python3 -W ignore:setup.py install is deprecated setup.py egg_info --egg-base ../../build/cv_basics build --build-base /home/charles/ros2_ws/build/cv_basics/build install --record /home/charles/ros2_ws/build/cv_basics/install.log --single-version-externally-managed install_data
