[0.461s] Invoking command in '/home/charles/ros2_ws/src/cv_basics': PYTHONPATH=/home/charles/ros2_ws/build/cv_basics/prefix_override:/usr/lib/python3/dist-packages/colcon_core/task/python/colcon_distutils_commands:/home/charles/ros2_ws/install/cv_basics/lib/python3.10/site-packages:${PYTHONPATH} /usr/bin/python3 -W ignore:setup.py install is deprecated setup.py egg_info --egg-base ../../build/cv_basics build --build-base /home/charles/ros2_ws/build/cv_basics/build install --record /home/charles/ros2_ws/build/cv_basics/install.log --single-version-externally-managed install_data
[0.598s] running egg_info
[0.599s] creating ../../build/cv_basics/cv_basics.egg-info
[0.599s] writing ../../build/cv_basics/cv_basics.egg-info/PKG-INFO
[0.599s] writing dependency_links to ../../build/cv_basics/cv_basics.egg-info/dependency_links.txt
[0.599s] writing entry points to ../../build/cv_basics/cv_basics.egg-info/entry_points.txt
[0.599s] writing requirements to ../../build/cv_basics/cv_basics.egg-info/requires.txt
[0.599s] writing top-level names to ../../build/cv_basics/cv_basics.egg-info/top_level.txt
[0.599s] writing manifest file '../../build/cv_basics/cv_basics.egg-info/SOURCES.txt'
[0.600s] reading manifest file '../../build/cv_basics/cv_basics.egg-info/SOURCES.txt'
[0.600s] writing manifest file '../../build/cv_basics/cv_basics.egg-info/SOURCES.txt'
[0.600s] running build
[0.600s] running build_py
[0.600s] creating /home/charles/ros2_ws/build/cv_basics/build
[0.601s] creating /home/charles/ros2_ws/build/cv_basics/build/lib
[0.601s] creating /home/charles/ros2_ws/build/cv_basics/build/lib/cv_basics
[0.601s] copying cv_basics/__init__.py -> /home/charles/ros2_ws/build/cv_basics/build/lib/cv_basics
[0.601s] running install
[0.601s] running install_lib
[0.601s] creating /home/charles/ros2_ws/install/cv_basics/lib/python3.10/site-packages/cv_basics
[0.601s] copying /home/charles/ros2_ws/build/cv_basics/build/lib/cv_basics/__init__.py -> /home/charles/ros2_ws/install/cv_basics/lib/python3.10/site-packages/cv_basics
[0.602s] byte-compiling /home/charles/ros2_ws/install/cv_basics/lib/python3.10/site-packages/cv_basics/__init__.py to __init__.cpython-310.pyc
[0.602s] running install_data
[0.602s] creating /home/charles/ros2_ws/install/cv_basics/share/ament_index
[0.602s] creating /home/charles/ros2_ws/install/cv_basics/share/ament_index/resource_index
[0.602s] creating /home/charles/ros2_ws/install/cv_basics/share/ament_index/resource_index/packages
[0.602s] copying resource/cv_basics -> /home/charles/ros2_ws/install/cv_basics/share/ament_index/resource_index/packages
[0.602s] copying package.xml -> /home/charles/ros2_ws/install/cv_basics/share/cv_basics
[0.602s] running install_egg_info
[0.603s] Copying ../../build/cv_basics/cv_basics.egg-info to /home/charles/ros2_ws/install/cv_basics/lib/python3.10/site-packages/cv_basics-0.0.0-py3.10.egg-info
[0.604s] running install_scripts
[0.616s] Installing img_publisher script to /home/charles/ros2_ws/install/cv_basics/lib/cv_basics
[0.616s] Installing img_subscriber script to /home/charles/ros2_ws/install/cv_basics/lib/cv_basics
[0.616s] writing list of installed files to '/home/charles/ros2_ws/build/cv_basics/install.log'
[0.630s] Invoked command in '/home/charles/ros2_ws/src/cv_basics' returned '0': PYTHONPATH=/home/charles/ros2_ws/build/cv_basics/prefix_override:/usr/lib/python3/dist-packages/colcon_core/task/python/colcon_distutils_commands:/home/charles/ros2_ws/install/cv_basics/lib/python3.10/site-packages:${PYTHONPATH} /usr/bin/python3 -W ignore:setup.py install is deprecated setup.py egg_info --egg-base ../../build/cv_basics build --build-base /home/charles/ros2_ws/build/cv_basics/build install --record /home/charles/ros2_ws/build/cv_basics/install.log --single-version-externally-managed install_data
