[1.054s] Invoking command in '/home/charles/devel/vulnerable_road_users/src/cv_basics': PYTHONPATH=/home/charles/devel/vulnerable_road_users/build/cv_basics/prefix_override:/usr/lib/python3/dist-packages/colcon_core/task/python/colcon_distutils_commands:/home/charles/devel/vulnerable_road_users/install/cv_basics/lib/python3.10/site-packages:${PYTHONPATH} /usr/bin/python3 -W ignore:setup.py install is deprecated setup.py egg_info --egg-base ../../build/cv_basics build --build-base /home/charles/devel/vulnerable_road_users/build/cv_basics/build install --record /home/charles/devel/vulnerable_road_users/build/cv_basics/install.log --single-version-externally-managed install_data
[1.252s] /home/charles/.local/lib/python3.10/site-packages/setuptools/_distutils/dist.py:261: UserWarning: Unknown distribution option: 'tests_require'
[1.252s]   warnings.warn(msg)
[1.396s] running egg_info
[1.420s] writing ../../build/cv_basics/cv_basics.egg-info/PKG-INFO
[1.420s] writing dependency_links to ../../build/cv_basics/cv_basics.egg-info/dependency_links.txt
[1.421s] writing entry points to ../../build/cv_basics/cv_basics.egg-info/entry_points.txt
[1.421s] writing requirements to ../../build/cv_basics/cv_basics.egg-info/requires.txt
[1.422s] writing top-level names to ../../build/cv_basics/cv_basics.egg-info/top_level.txt
[1.471s] reading manifest file '../../build/cv_basics/cv_basics.egg-info/SOURCES.txt'
[1.473s] writing manifest file '../../build/cv_basics/cv_basics.egg-info/SOURCES.txt'
[1.473s] running build
[1.473s] running build_py
[1.474s] copying cv_basics/webcam_sub.py -> /home/charles/devel/vulnerable_road_users/build/cv_basics/build/lib/cv_basics
[1.474s] copying cv_basics/__init__.py -> /home/charles/devel/vulnerable_road_users/build/cv_basics/build/lib/cv_basics
[1.474s] copying cv_basics/webcam_pub.py -> /home/charles/devel/vulnerable_road_users/build/cv_basics/build/lib/cv_basics
[1.475s] running install
[1.481s] running install_lib
[1.504s] copying /home/charles/devel/vulnerable_road_users/build/cv_basics/build/lib/cv_basics/webcam_sub.py -> /home/charles/devel/vulnerable_road_users/install/cv_basics/lib/python3.10/site-packages/cv_basics
[1.505s] byte-compiling /home/charles/devel/vulnerable_road_users/install/cv_basics/lib/python3.10/site-packages/cv_basics/webcam_sub.py to webcam_sub.cpython-310.pyc
[1.506s] Sorry: IndentationError: unexpected indent (webcam_sub.py, line 69)
[1.506s] running install_data
[1.506s] copying resource/cv_basics -> /home/charles/devel/vulnerable_road_users/install/cv_basics/share/ament_index/resource_index/packages
[1.507s] copying package.xml -> /home/charles/devel/vulnerable_road_users/install/cv_basics/share/cv_basics
[1.507s] running install_egg_info
[1.536s] removing '/home/charles/devel/vulnerable_road_users/install/cv_basics/lib/python3.10/site-packages/cv_basics-0.0.0-py3.10.egg-info' (and everything under it)
[1.536s] Copying ../../build/cv_basics/cv_basics.egg-info to /home/charles/devel/vulnerable_road_users/install/cv_basics/lib/python3.10/site-packages/cv_basics-0.0.0-py3.10.egg-info
[1.538s] running install_scripts
[1.728s] Installing img_publisher script to /home/charles/devel/vulnerable_road_users/install/cv_basics/lib/cv_basics
[1.729s] Installing img_subscriber script to /home/charles/devel/vulnerable_road_users/install/cv_basics/lib/cv_basics
[1.729s] writing list of installed files to '/home/charles/devel/vulnerable_road_users/build/cv_basics/install.log'
[1.769s] Invoked command in '/home/charles/devel/vulnerable_road_users/src/cv_basics' returned '0': PYTHONPATH=/home/charles/devel/vulnerable_road_users/build/cv_basics/prefix_override:/usr/lib/python3/dist-packages/colcon_core/task/python/colcon_distutils_commands:/home/charles/devel/vulnerable_road_users/install/cv_basics/lib/python3.10/site-packages:${PYTHONPATH} /usr/bin/python3 -W ignore:setup.py install is deprecated setup.py egg_info --egg-base ../../build/cv_basics build --build-base /home/charles/devel/vulnerable_road_users/build/cv_basics/build install --record /home/charles/devel/vulnerable_road_users/build/cv_basics/install.log --single-version-externally-managed install_data
