[0.489s] Invoking command in '/home/charles/ros2_ws/src/cv_basics': PYTHONPATH=/home/charles/ros2_ws/build/cv_basics/prefix_override:/usr/lib/python3/dist-packages/colcon_core/task/python/colcon_distutils_commands:/home/charles/ros2_ws/install/cv_basics/lib/python3.10/site-packages:${PYTHONPATH} /usr/bin/python3 -W ignore:setup.py install is deprecated setup.py egg_info --egg-base ../../build/cv_basics build --build-base /home/charles/ros2_ws/build/cv_basics/build install --record /home/charles/ros2_ws/build/cv_basics/install.log --single-version-externally-managed install_data
[0.576s] /home/charles/.local/lib/python3.10/site-packages/setuptools/_distutils/dist.py:261: UserWarning: Unknown distribution option: 'tests_require'
[0.576s]   warnings.warn(msg)
[0.631s] running egg_info
[0.640s] writing ../../build/cv_basics/cv_basics.egg-info/PKG-INFO
[0.640s] writing dependency_links to ../../build/cv_basics/cv_basics.egg-info/dependency_links.txt
[0.641s] writing entry points to ../../build/cv_basics/cv_basics.egg-info/entry_points.txt
[0.641s] writing requirements to ../../build/cv_basics/cv_basics.egg-info/requires.txt
[0.641s] writing top-level names to ../../build/cv_basics/cv_basics.egg-info/top_level.txt
[0.659s] reading manifest file '../../build/cv_basics/cv_basics.egg-info/SOURCES.txt'
[0.660s] writing manifest file '../../build/cv_basics/cv_basics.egg-info/SOURCES.txt'
[0.660s] running build
[0.660s] running build_py
[0.660s] copying cv_basics/webcam_sub.py -> /home/charles/ros2_ws/build/cv_basics/build/lib/cv_basics
[0.661s] copying cv_basics/__init__.py -> /home/charles/ros2_ws/build/cv_basics/build/lib/cv_basics
[0.661s] copying cv_basics/webcam_pub.py -> /home/charles/ros2_ws/build/cv_basics/build/lib/cv_basics
[0.661s] warning: build_py: byte-compiling is disabled, skipping.
[0.661s] 
[0.661s] running install
[0.664s] running install_lib
[0.673s] warning: install_lib: byte-compiling is disabled, skipping.
[0.673s] 
[0.673s] running install_data
[0.673s] copying resource/cv_basics -> /home/charles/ros2_ws/install/cv_basics/share/ament_index/resource_index/packages
[0.673s] copying package.xml -> /home/charles/ros2_ws/install/cv_basics/share/cv_basics
[0.673s] running install_egg_info
[0.683s] removing '/home/charles/ros2_ws/install/cv_basics/lib/python3.10/site-packages/cv_basics-0.0.0-py3.10.egg-info' (and everything under it)
[0.683s] Copying ../../build/cv_basics/cv_basics.egg-info to /home/charles/ros2_ws/install/cv_basics/lib/python3.10/site-packages/cv_basics-0.0.0-py3.10.egg-info
[0.683s] running install_scripts
[0.759s] Installing img_publisher script to /home/charles/ros2_ws/install/cv_basics/lib/cv_basics
[0.759s] Installing img_subscriber script to /home/charles/ros2_ws/install/cv_basics/lib/cv_basics
[0.759s] writing list of installed files to '/home/charles/ros2_ws/build/cv_basics/install.log'
[0.774s] Invoked command in '/home/charles/ros2_ws/src/cv_basics' returned '0': PYTHONPATH=/home/charles/ros2_ws/build/cv_basics/prefix_override:/usr/lib/python3/dist-packages/colcon_core/task/python/colcon_distutils_commands:/home/charles/ros2_ws/install/cv_basics/lib/python3.10/site-packages:${PYTHONPATH} /usr/bin/python3 -W ignore:setup.py install is deprecated setup.py egg_info --egg-base ../../build/cv_basics build --build-base /home/charles/ros2_ws/build/cv_basics/build install --record /home/charles/ros2_ws/build/cv_basics/install.log --single-version-externally-managed install_data
