[0.151s] Invoking command in '/home/charles/ros2_ws/build/turtlesim': CMAKE_PREFIX_PATH=/opt/ros/humble /usr/bin/cmake /home/charles/ros2_ws/src/ros_tutorials/turtlesim -DCMAKE_INSTALL_PREFIX=/home/charles/ros2_ws/install/turtlesim
[0.212s] -- The C compiler identification is GNU 11.4.0
[0.270s] -- The CXX compiler identification is GNU 11.4.0
[0.277s] -- Detecting C compiler ABI info
[0.317s] -- Detecting C compiler ABI info - done
[0.321s] -- Check for working C compiler: /usr/bin/cc - skipped
[0.321s] -- Detecting C compile features
[0.322s] -- Detecting C compile features - done
[0.324s] -- Detecting CXX compiler ABI info
[0.369s] -- Detecting CXX compiler ABI info - done
[0.374s] -- Check for working CXX compiler: /usr/bin/c++ - skipped
[0.374s] -- Detecting CXX compile features
[0.375s] -- Detecting CXX compile features - done
[0.379s] -- Found ament_cmake: 1.3.10 (/opt/ros/humble/share/ament_cmake/cmake)
[0.472s] -- Found Python3: /usr/bin/python3 (found version "3.10.12") found components: Interpreter 
[0.531s] -- Found ament_index_cpp: 1.4.0 (/opt/ros/humble/share/ament_index_cpp/cmake)
[0.532s] -- Found geometry_msgs: 4.2.4 (/opt/ros/humble/share/geometry_msgs/cmake)
[0.562s] -- Found rosidl_generator_c: 3.1.5 (/opt/ros/humble/share/rosidl_generator_c/cmake)
[0.565s] -- Found rosidl_adapter: 3.1.5 (/opt/ros/humble/share/rosidl_adapter/cmake)
[0.572s] -- Found rosidl_generator_cpp: 3.1.5 (/opt/ros/humble/share/rosidl_generator_cpp/cmake)
[0.586s] -- Using all available rosidl_typesupport_c: rosidl_typesupport_fastrtps_c;rosidl_typesupport_introspection_c
[0.599s] -- Using all available rosidl_typesupport_cpp: rosidl_typesupport_fastrtps_cpp;rosidl_typesupport_introspection_cpp
[0.644s] -- Found rclcpp: 16.0.10 (/opt/ros/humble/share/rclcpp/cmake)
[0.672s] -- Found rmw_implementation_cmake: 6.1.2 (/opt/ros/humble/share/rmw_implementation_cmake/cmake)
[0.674s] -- Found rmw_fastrtps_cpp: 6.2.7 (/opt/ros/humble/share/rmw_fastrtps_cpp/cmake)
[0.727s] -- Found OpenSSL: /usr/lib/x86_64-linux-gnu/libcrypto.so (found version "3.0.2")  
[0.745s] -- Found FastRTPS: /opt/ros/humble/include  
[0.770s] -- Using RMW implementation 'rmw_fastrtps_cpp' as default
[0.776s] -- Looking for pthread.h
[0.823s] -- Looking for pthread.h - found
[0.823s] -- Performing Test CMAKE_HAVE_LIBC_PTHREAD
[0.901s] -- Performing Test CMAKE_HAVE_LIBC_PTHREAD - Success
[0.902s] -- Found Threads: TRUE  
[0.933s] -- Found rclcpp_action: 16.0.10 (/opt/ros/humble/share/rclcpp_action/cmake)
[0.960s] -- Found rosidl_default_generators: 1.2.0 (/opt/ros/humble/share/rosidl_default_generators/cmake)
[0.966s] -- Found std_srvs: 4.2.4 (/opt/ros/humble/share/std_srvs/cmake)
[1.165s] -- Found ament_cmake_ros: 0.10.0 (/opt/ros/humble/share/ament_cmake_ros/cmake)
[1.372s] -- Using all available rosidl_typesupport_c: rosidl_typesupport_fastrtps_c;rosidl_typesupport_introspection_c
[1.449s] -- Using all available rosidl_typesupport_cpp: rosidl_typesupport_fastrtps_cpp;rosidl_typesupport_introspection_cpp
[1.464s] -- Found PythonInterp: /usr/bin/python3 (found suitable version "3.10.12", minimum required is "3.6") 
[1.465s] -- Found python_cmake_module: 0.10.0 (/opt/ros/humble/share/python_cmake_module/cmake)
[1.482s] -- Found PythonLibs: /usr/lib/x86_64-linux-gnu/libpython3.10.so (found suitable version "3.10.12", minimum required is "3.5") 
[1.482s] -- Using PYTHON_EXECUTABLE: /usr/bin/python3
[1.482s] -- Using PYTHON_INCLUDE_DIRS: /usr/include/python3.10
[1.482s] -- Using PYTHON_LIBRARIES: /usr/lib/x86_64-linux-gnu/libpython3.10.so
[1.495s] -- Found PythonExtra: .so  
[1.531s] -- Configuring done
[1.566s] -- Generating done
[1.568s] -- Build files have been written to: /home/charles/ros2_ws/build/turtlesim
[1.575s] Invoked command in '/home/charles/ros2_ws/build/turtlesim' returned '0': CMAKE_PREFIX_PATH=/opt/ros/humble /usr/bin/cmake /home/charles/ros2_ws/src/ros_tutorials/turtlesim -DCMAKE_INSTALL_PREFIX=/home/charles/ros2_ws/install/turtlesim
[1.576s] Invoking command in '/home/charles/ros2_ws/build/turtlesim': CMAKE_PREFIX_PATH=/opt/ros/humble /usr/bin/cmake --build /home/charles/ros2_ws/build/turtlesim -- -j12 -l12
[1.600s] [  1%] [34m[1mGenerating C code for ROS interfaces[0m
[1.605s] [  2%] [34m[1mGenerating C++ code for ROS interfaces[0m
[1.614s] [  2%] Built target ament_cmake_python_copy_turtlesim
[1.760s] running egg_info
[1.760s] creating turtlesim.egg-info
[1.760s] writing turtlesim.egg-info/PKG-INFO
[1.760s] writing dependency_links to turtlesim.egg-info/dependency_links.txt
[1.760s] writing top-level names to turtlesim.egg-info/top_level.txt
[1.760s] writing manifest file 'turtlesim.egg-info/SOURCES.txt'
[1.761s] reading manifest file 'turtlesim.egg-info/SOURCES.txt'
[1.762s] writing manifest file 'turtlesim.egg-info/SOURCES.txt'
[1.776s] [  2%] Built target ament_cmake_python_build_turtlesim_egg
[2.120s] [  2%] Built target turtlesim__cpp
[2.127s] [  3%] [34m[1mGenerating C++ type support for eProsima Fast-RTPS[0m
[2.129s] [  4%] [34m[1mGenerating C++ introspection for ROS interfaces[0m
[2.129s] [  5%] [34m[1mGenerating C++ type support dispatch for ROS interfaces[0m
[2.152s] [  6%] [32mBuilding C object CMakeFiles/turtlesim__rosidl_generator_c.dir/rosidl_generator_c/turtlesim/action/detail/rotate_absolute__functions.c.o[0m
[2.153s] [  7%] [32mBuilding C object CMakeFiles/turtlesim__rosidl_generator_c.dir/rosidl_generator_c/turtlesim/msg/detail/color__functions.c.o[0m
[2.157s] [  8%] [32mBuilding C object CMakeFiles/turtlesim__rosidl_generator_c.dir/rosidl_generator_c/turtlesim/msg/detail/pose__functions.c.o[0m
[2.162s] [  9%] [32mBuilding C object CMakeFiles/turtlesim__rosidl_generator_c.dir/rosidl_generator_c/turtlesim/srv/detail/set_pen__functions.c.o[0m
[2.162s] [ 10%] [32mBuilding C object CMakeFiles/turtlesim__rosidl_generator_c.dir/rosidl_generator_c/turtlesim/srv/detail/kill__functions.c.o[0m
[2.164s] [ 11%] [32mBuilding C object CMakeFiles/turtlesim__rosidl_generator_c.dir/rosidl_generator_c/turtlesim/srv/detail/teleport_absolute__functions.c.o[0m
[2.166s] [ 12%] [32mBuilding C object CMakeFiles/turtlesim__rosidl_generator_c.dir/rosidl_generator_c/turtlesim/srv/detail/teleport_relative__functions.c.o[0m
[2.172s] [ 13%] [32mBuilding C object CMakeFiles/turtlesim__rosidl_generator_c.dir/rosidl_generator_c/turtlesim/srv/detail/spawn__functions.c.o[0m
[2.275s] [ 14%] [32m[1mLinking C shared library libturtlesim__rosidl_generator_c.so[0m
[2.299s] [ 14%] Built target turtlesim__rosidl_generator_c
[2.307s] [ 16%] [34m[1mGenerating C type support dispatch for ROS interfaces[0m
[2.307s] [ 17%] [34m[1mGenerating C type support for eProsima Fast-RTPS[0m
[2.307s] [ 17%] [34m[1mGenerating C introspection for ROS interfaces[0m
[2.490s] [ 18%] [32mBuilding CXX object CMakeFiles/turtlesim__rosidl_typesupport_cpp.dir/rosidl_typesupport_cpp/turtlesim/action/rotate_absolute__type_support.cpp.o[0m
[2.490s] [ 21%] [32mBuilding CXX object CMakeFiles/turtlesim__rosidl_typesupport_cpp.dir/rosidl_typesupport_cpp/turtlesim/msg/pose__type_support.cpp.o[0m
[2.490s] [ 21%] [32mBuilding CXX object CMakeFiles/turtlesim__rosidl_typesupport_cpp.dir/rosidl_typesupport_cpp/turtlesim/srv/set_pen__type_support.cpp.o[0m
[2.490s] [ 22%] [32mBuilding CXX object CMakeFiles/turtlesim__rosidl_typesupport_cpp.dir/rosidl_typesupport_cpp/turtlesim/srv/spawn__type_support.cpp.o[0m
[2.490s] [ 21%] [32mBuilding CXX object CMakeFiles/turtlesim__rosidl_typesupport_cpp.dir/rosidl_typesupport_cpp/turtlesim/srv/kill__type_support.cpp.o[0m
[2.490s] [ 23%] [32mBuilding CXX object CMakeFiles/turtlesim__rosidl_typesupport_cpp.dir/rosidl_typesupport_cpp/turtlesim/msg/color__type_support.cpp.o[0m
[2.490s] [ 24%] [32mBuilding CXX object CMakeFiles/turtlesim__rosidl_typesupport_cpp.dir/rosidl_typesupport_cpp/turtlesim/srv/teleport_absolute__type_support.cpp.o[0m
[2.812s] [ 25%] [32mBuilding CXX object CMakeFiles/turtlesim__rosidl_typesupport_cpp.dir/rosidl_typesupport_cpp/turtlesim/srv/teleport_relative__type_support.cpp.o[0m
[2.824s] [ 27%] [32mBuilding CXX object CMakeFiles/turtlesim__rosidl_typesupport_introspection_cpp.dir/rosidl_typesupport_introspection_cpp/turtlesim/action/detail/rotate_absolute__type_support.cpp.o[0m
[2.825s] [ 27%] [32mBuilding CXX object CMakeFiles/turtlesim__rosidl_typesupport_introspection_cpp.dir/rosidl_typesupport_introspection_cpp/turtlesim/msg/detail/pose__type_support.cpp.o[0m
[2.831s] [ 28%] [32mBuilding CXX object CMakeFiles/turtlesim__rosidl_typesupport_introspection_cpp.dir/rosidl_typesupport_introspection_cpp/turtlesim/msg/detail/color__type_support.cpp.o[0m
[2.831s] [ 29%] [32mBuilding CXX object CMakeFiles/turtlesim__rosidl_typesupport_introspection_cpp.dir/rosidl_typesupport_introspection_cpp/turtlesim/srv/detail/kill__type_support.cpp.o[0m
[2.835s] [ 30%] [32mBuilding CXX object CMakeFiles/turtlesim__rosidl_typesupport_c.dir/rosidl_typesupport_c/turtlesim/action/rotate_absolute__type_support.cpp.o[0m
[2.838s] [ 31%] [32mBuilding CXX object CMakeFiles/turtlesim__rosidl_typesupport_introspection_cpp.dir/rosidl_typesupport_introspection_cpp/turtlesim/srv/detail/set_pen__type_support.cpp.o[0m
[2.850s] [ 32%] [32mBuilding CXX object CMakeFiles/turtlesim__rosidl_typesupport_c.dir/rosidl_typesupport_c/turtlesim/msg/color__type_support.cpp.o[0m
[2.881s] [ 33%] [32mBuilding CXX object CMakeFiles/turtlesim__rosidl_typesupport_c.dir/rosidl_typesupport_c/turtlesim/msg/pose__type_support.cpp.o[0m
[2.892s] [ 34%] [32mBuilding CXX object CMakeFiles/turtlesim__rosidl_typesupport_c.dir/rosidl_typesupport_c/turtlesim/srv/kill__type_support.cpp.o[0m
[2.911s] [ 35%] [32mBuilding CXX object CMakeFiles/turtlesim__rosidl_typesupport_c.dir/rosidl_typesupport_c/turtlesim/srv/set_pen__type_support.cpp.o[0m
[2.921s] [ 36%] [32mBuilding CXX object CMakeFiles/turtlesim__rosidl_typesupport_introspection_cpp.dir/rosidl_typesupport_introspection_cpp/turtlesim/srv/detail/spawn__type_support.cpp.o[0m
[2.939s] [ 37%] [32mBuilding CXX object CMakeFiles/turtlesim__rosidl_typesupport_c.dir/rosidl_typesupport_c/turtlesim/srv/spawn__type_support.cpp.o[0m
[2.975s] [ 38%] [32mBuilding CXX object CMakeFiles/turtlesim__rosidl_typesupport_c.dir/rosidl_typesupport_c/turtlesim/srv/teleport_absolute__type_support.cpp.o[0m
[3.008s] [ 39%] [32mBuilding CXX object CMakeFiles/turtlesim__rosidl_typesupport_c.dir/rosidl_typesupport_c/turtlesim/srv/teleport_relative__type_support.cpp.o[0m
[3.029s] [ 40%] [32mBuilding CXX object CMakeFiles/turtlesim__rosidl_typesupport_introspection_cpp.dir/rosidl_typesupport_introspection_cpp/turtlesim/srv/detail/teleport_absolute__type_support.cpp.o[0m
[3.048s] [ 41%] [32m[1mLinking CXX shared library libturtlesim__rosidl_typesupport_c.so[0m
[3.089s] [ 42%] [32mBuilding CXX object CMakeFiles/turtlesim__rosidl_typesupport_fastrtps_cpp.dir/rosidl_typesupport_fastrtps_cpp/turtlesim/action/detail/dds_fastrtps/rotate_absolute__type_support.cpp.o[0m
[3.099s] [ 42%] Built target turtlesim__rosidl_typesupport_c
[3.108s] [ 43%] [32mBuilding CXX object CMakeFiles/turtlesim__rosidl_typesupport_fastrtps_cpp.dir/rosidl_typesupport_fastrtps_cpp/turtlesim/msg/detail/dds_fastrtps/color__type_support.cpp.o[0m
[3.124s] [ 44%] [32m[1mLinking CXX shared library libturtlesim__rosidl_typesupport_cpp.so[0m
[3.180s] [ 44%] Built target turtlesim__rosidl_typesupport_cpp
[3.181s] [ 45%] [32mBuilding CXX object CMakeFiles/turtlesim__rosidl_typesupport_fastrtps_cpp.dir/rosidl_typesupport_fastrtps_cpp/turtlesim/msg/detail/dds_fastrtps/pose__type_support.cpp.o[0m
[3.187s] [ 46%] [32mBuilding CXX object CMakeFiles/turtlesim__rosidl_typesupport_fastrtps_cpp.dir/rosidl_typesupport_fastrtps_cpp/turtlesim/srv/detail/dds_fastrtps/kill__type_support.cpp.o[0m
[3.193s] [ 47%] [34m[1mGenerating include/turtlesim/moc_turtle_frame.cpp[0m
[3.224s] [ 48%] [32mBuilding CXX object CMakeFiles/turtlesim__rosidl_typesupport_fastrtps_c.dir/rosidl_typesupport_fastrtps_c/turtlesim/action/detail/rotate_absolute__type_support_c.cpp.o[0m
[3.268s] [ 49%] [32mBuilding CXX object CMakeFiles/turtlesim__rosidl_typesupport_fastrtps_c.dir/rosidl_typesupport_fastrtps_c/turtlesim/msg/detail/color__type_support_c.cpp.o[0m
[3.286s] [ 50%] [32mBuilding CXX object CMakeFiles/turtle_teleop_key.dir/tutorials/teleop_turtle_key.cpp.o[0m
[3.291s] [ 51%] [32mBuilding C object CMakeFiles/turtlesim__rosidl_typesupport_introspection_c.dir/rosidl_typesupport_introspection_c/turtlesim/action/detail/rotate_absolute__type_support.c.o[0m
[3.299s] [ 52%] [32mBuilding CXX object CMakeFiles/turtlesim_node.dir/src/turtlesim.cpp.o[0m
[3.301s] [ 53%] [32mBuilding CXX object CMakeFiles/draw_square.dir/tutorials/draw_square.cpp.o[0m
[3.343s] [ 54%] [32mBuilding C object CMakeFiles/turtlesim__rosidl_typesupport_introspection_c.dir/rosidl_typesupport_introspection_c/turtlesim/msg/detail/color__type_support.c.o[0m
[3.375s] [ 55%] [32mBuilding C object CMakeFiles/turtlesim__rosidl_typesupport_introspection_c.dir/rosidl_typesupport_introspection_c/turtlesim/msg/detail/pose__type_support.c.o[0m
[3.400s] [ 56%] [32mBuilding CXX object CMakeFiles/turtlesim_node.dir/src/turtle.cpp.o[0m
[3.413s] [ 58%] [32mBuilding C object CMakeFiles/turtlesim__rosidl_typesupport_introspection_c.dir/rosidl_typesupport_introspection_c/turtlesim/srv/detail/kill__type_support.c.o[0m
[3.414s] [ 58%] [32mBuilding CXX object CMakeFiles/turtlesim__rosidl_typesupport_introspection_cpp.dir/rosidl_typesupport_introspection_cpp/turtlesim/srv/detail/teleport_relative__type_support.cpp.o[0m
[3.455s] [ 59%] [32mBuilding C object CMakeFiles/turtlesim__rosidl_typesupport_introspection_c.dir/rosidl_typesupport_introspection_c/turtlesim/srv/detail/set_pen__type_support.c.o[0m
[3.491s] [ 60%] [32mBuilding CXX object CMakeFiles/turtlesim_node.dir/src/turtle_frame.cpp.o[0m
[3.496s] [ 61%] [32mBuilding C object CMakeFiles/turtlesim__rosidl_typesupport_introspection_c.dir/rosidl_typesupport_introspection_c/turtlesim/srv/detail/spawn__type_support.c.o[0m
[3.536s] [ 62%] [32mBuilding C object CMakeFiles/turtlesim__rosidl_typesupport_introspection_c.dir/rosidl_typesupport_introspection_c/turtlesim/srv/detail/teleport_absolute__type_support.c.o[0m
[3.552s] [ 63%] [32mBuilding CXX object CMakeFiles/turtlesim__rosidl_typesupport_fastrtps_c.dir/rosidl_typesupport_fastrtps_c/turtlesim/msg/detail/pose__type_support_c.cpp.o[0m
[3.567s] [ 64%] [32mBuilding C object CMakeFiles/turtlesim__rosidl_typesupport_introspection_c.dir/rosidl_typesupport_introspection_c/turtlesim/srv/detail/teleport_relative__type_support.c.o[0m
[3.589s] [ 65%] [32mBuilding CXX object CMakeFiles/turtlesim__rosidl_typesupport_fastrtps_c.dir/rosidl_typesupport_fastrtps_c/turtlesim/srv/detail/kill__type_support_c.cpp.o[0m
[3.595s] [ 66%] [32m[1mLinking C shared library libturtlesim__rosidl_typesupport_introspection_c.so[0m
[3.600s] [ 67%] [32mBuilding CXX object CMakeFiles/turtlesim_node.dir/include/turtlesim/moc_turtle_frame.cpp.o[0m
[3.602s] [ 68%] [32mBuilding CXX object CMakeFiles/mimic.dir/tutorials/mimic.cpp.o[0m
[3.628s] [ 69%] [32mBuilding CXX object CMakeFiles/turtlesim__rosidl_typesupport_fastrtps_cpp.dir/rosidl_typesupport_fastrtps_cpp/turtlesim/srv/detail/dds_fastrtps/set_pen__type_support.cpp.o[0m
[3.630s] [ 69%] Built target turtlesim__rosidl_typesupport_introspection_c
[3.638s] [ 70%] [32mBuilding CXX object CMakeFiles/turtlesim__rosidl_typesupport_fastrtps_cpp.dir/rosidl_typesupport_fastrtps_cpp/turtlesim/srv/detail/dds_fastrtps/spawn__type_support.cpp.o[0m
[3.772s] [ 71%] [32m[1mLinking CXX shared library libturtlesim__rosidl_typesupport_introspection_cpp.so[0m
[3.856s] [ 71%] Built target turtlesim__rosidl_typesupport_introspection_cpp
[3.867s] [ 72%] [32mBuilding CXX object CMakeFiles/turtlesim__rosidl_typesupport_fastrtps_cpp.dir/rosidl_typesupport_fastrtps_cpp/turtlesim/srv/detail/dds_fastrtps/teleport_absolute__type_support.cpp.o[0m
[3.884s] [ 73%] [32mBuilding CXX object CMakeFiles/turtlesim__rosidl_typesupport_fastrtps_cpp.dir/rosidl_typesupport_fastrtps_cpp/turtlesim/srv/detail/dds_fastrtps/teleport_relative__type_support.cpp.o[0m
[3.960s] [ 74%] [32mBuilding CXX object CMakeFiles/turtlesim__rosidl_typesupport_fastrtps_c.dir/rosidl_typesupport_fastrtps_c/turtlesim/srv/detail/set_pen__type_support_c.cpp.o[0m
[4.015s] [ 75%] [32mBuilding CXX object CMakeFiles/turtlesim__rosidl_typesupport_fastrtps_c.dir/rosidl_typesupport_fastrtps_c/turtlesim/srv/detail/spawn__type_support_c.cpp.o[0m
[4.082s] [ 76%] [32mBuilding CXX object CMakeFiles/turtlesim__rosidl_typesupport_fastrtps_c.dir/rosidl_typesupport_fastrtps_c/turtlesim/srv/detail/teleport_absolute__type_support_c.cpp.o[0m
[4.257s] [ 77%] [32mBuilding CXX object CMakeFiles/turtlesim__rosidl_typesupport_fastrtps_c.dir/rosidl_typesupport_fastrtps_c/turtlesim/srv/detail/teleport_relative__type_support_c.cpp.o[0m
[4.338s] [ 78%] [32m[1mLinking CXX shared library libturtlesim__rosidl_typesupport_fastrtps_cpp.so[0m
[4.407s] [ 78%] Built target turtlesim__rosidl_typesupport_fastrtps_cpp
[4.578s] [ 79%] [32m[1mLinking CXX shared library libturtlesim__rosidl_typesupport_fastrtps_c.so[0m
[4.633s] [ 79%] Built target turtlesim__rosidl_typesupport_fastrtps_c
[4.646s] [ 79%] Built target turtlesim
[4.658s] [ 80%] [34m[1mGenerating Python code for ROS interfaces[0m
[5.994s] [ 80%] Built target turtlesim__py
[6.009s] [ 82%] [32mBuilding C object CMakeFiles/turtlesim__rosidl_generator_py.dir/rosidl_generator_py/turtlesim/msg/_pose_s.c.o[0m
[6.010s] [ 82%] [32mBuilding C object CMakeFiles/turtlesim__rosidl_generator_py.dir/rosidl_generator_py/turtlesim/msg/_color_s.c.o[0m
[6.010s] [ 83%] [32mBuilding C object CMakeFiles/turtlesim__rosidl_generator_py.dir/rosidl_generator_py/turtlesim/srv/_set_pen_s.c.o[0m
[6.011s] [ 84%] [32mBuilding C object CMakeFiles/turtlesim__rosidl_generator_py.dir/rosidl_generator_py/turtlesim/srv/_kill_s.c.o[0m
[6.012s] [ 85%] [32mBuilding C object CMakeFiles/turtlesim__rosidl_generator_py.dir/rosidl_generator_py/turtlesim/action/_rotate_absolute_s.c.o[0m
[6.135s] [ 86%] [32mBuilding C object CMakeFiles/turtlesim__rosidl_generator_py.dir/rosidl_generator_py/turtlesim/srv/_teleport_absolute_s.c.o[0m
[6.139s] [ 87%] [32mBuilding C object CMakeFiles/turtlesim__rosidl_generator_py.dir/rosidl_generator_py/turtlesim/srv/_teleport_relative_s.c.o[0m
[6.140s] [ 88%] [32mBuilding C object CMakeFiles/turtlesim__rosidl_generator_py.dir/rosidl_generator_py/turtlesim/srv/_spawn_s.c.o[0m
[6.247s] [ 89%] [32m[1mLinking C shared library rosidl_generator_py/turtlesim/libturtlesim__rosidl_generator_py.so[0m
[6.287s] [ 89%] Built target turtlesim__rosidl_generator_py
[6.304s] [ 90%] [32mBuilding C object CMakeFiles/turtlesim__rosidl_typesupport_introspection_c__pyext.dir/rosidl_generator_py/turtlesim/_turtlesim_s.ep.rosidl_typesupport_introspection_c.c.o[0m
[6.304s] [ 91%] [32mBuilding C object CMakeFiles/turtlesim__rosidl_typesupport_c__pyext.dir/rosidl_generator_py/turtlesim/_turtlesim_s.ep.rosidl_typesupport_c.c.o[0m
[6.305s] [ 92%] [32mBuilding C object CMakeFiles/turtlesim__rosidl_typesupport_fastrtps_c__pyext.dir/rosidl_generator_py/turtlesim/_turtlesim_s.ep.rosidl_typesupport_fastrtps_c.c.o[0m
[6.460s] [ 93%] [32m[1mLinking C shared library rosidl_generator_py/turtlesim/turtlesim_s__rosidl_typesupport_fastrtps_c.cpython-310-x86_64-linux-gnu.so[0m
[6.461s] [ 94%] [32m[1mLinking C shared library rosidl_generator_py/turtlesim/turtlesim_s__rosidl_typesupport_c.cpython-310-x86_64-linux-gnu.so[0m
[6.476s] [ 95%] [32m[1mLinking C shared library rosidl_generator_py/turtlesim/turtlesim_s__rosidl_typesupport_introspection_c.cpython-310-x86_64-linux-gnu.so[0m
[6.501s] [ 95%] Built target turtlesim__rosidl_typesupport_fastrtps_c__pyext
[6.501s] [ 95%] Built target turtlesim__rosidl_typesupport_c__pyext
[6.513s] [ 95%] Built target turtlesim__rosidl_typesupport_introspection_c__pyext
[8.234s] [ 96%] [32m[1mLinking CXX executable turtle_teleop_key[0m
[8.439s] [ 96%] Built target turtle_teleop_key
[9.805s] [ 97%] [32m[1mLinking CXX executable mimic[0m
[10.060s] [ 97%] Built target mimic
[10.449s] [ 98%] [32m[1mLinking CXX executable draw_square[0m
[10.730s] [ 98%] Built target draw_square
[12.232s] [100%] [32m[1mLinking CXX executable turtlesim_node[0m
[13.401s] [100%] Built target turtlesim_node
[13.408s] Invoked command in '/home/charles/ros2_ws/build/turtlesim' returned '0': CMAKE_PREFIX_PATH=/opt/ros/humble /usr/bin/cmake --build /home/charles/ros2_ws/build/turtlesim -- -j12 -l12
[13.782s] Invoking command in '/home/charles/ros2_ws/build/turtlesim': CMAKE_PREFIX_PATH=/opt/ros/humble /usr/bin/cmake --install /home/charles/ros2_ws/build/turtlesim
[13.789s] -- Install configuration: ""
[13.789s] -- Installing: /home/charles/ros2_ws/install/turtlesim/share/ament_index/resource_index/rosidl_interfaces/turtlesim
[13.789s] -- Installing: /home/charles/ros2_ws/install/turtlesim/include/turtlesim/turtlesim
[13.789s] -- Installing: /home/charles/ros2_ws/install/turtlesim/include/turtlesim/turtlesim/action
[13.789s] -- Installing: /home/charles/ros2_ws/install/turtlesim/include/turtlesim/turtlesim/action/detail
[13.789s] -- Installing: /home/charles/ros2_ws/install/turtlesim/include/turtlesim/turtlesim/action/detail/rotate_absolute__functions.h
[13.789s] -- Installing: /home/charles/ros2_ws/install/turtlesim/include/turtlesim/turtlesim/action/detail/rotate_absolute__struct.h
[13.790s] -- Installing: /home/charles/ros2_ws/install/turtlesim/include/turtlesim/turtlesim/action/detail/rotate_absolute__functions.c
[13.790s] -- Installing: /home/charles/ros2_ws/install/turtlesim/include/turtlesim/turtlesim/action/detail/rotate_absolute__type_support.h
[13.790s] -- Installing: /home/charles/ros2_ws/install/turtlesim/include/turtlesim/turtlesim/action/rotate_absolute.h
[13.790s] -- Installing: /home/charles/ros2_ws/install/turtlesim/include/turtlesim/turtlesim/srv
[13.790s] -- Installing: /home/charles/ros2_ws/install/turtlesim/include/turtlesim/turtlesim/srv/spawn.h
[13.790s] -- Installing: /home/charles/ros2_ws/install/turtlesim/include/turtlesim/turtlesim/srv/set_pen.h
[13.790s] -- Installing: /home/charles/ros2_ws/install/turtlesim/include/turtlesim/turtlesim/srv/kill.h
[13.790s] -- Installing: /home/charles/ros2_ws/install/turtlesim/include/turtlesim/turtlesim/srv/detail
[13.790s] -- Installing: /home/charles/ros2_ws/install/turtlesim/include/turtlesim/turtlesim/srv/detail/kill__functions.c
[13.790s] -- Installing: /home/charles/ros2_ws/install/turtlesim/include/turtlesim/turtlesim/srv/detail/teleport_relative__type_support.h
[13.790s] -- Installing: /home/charles/ros2_ws/install/turtlesim/include/turtlesim/turtlesim/srv/detail/set_pen__functions.c
[13.790s] -- Installing: /home/charles/ros2_ws/install/turtlesim/include/turtlesim/turtlesim/srv/detail/spawn__struct.h
[13.790s] -- Installing: /home/charles/ros2_ws/install/turtlesim/include/turtlesim/turtlesim/srv/detail/teleport_absolute__functions.c
[13.790s] -- Installing: /home/charles/ros2_ws/install/turtlesim/include/turtlesim/turtlesim/srv/detail/set_pen__struct.h
[13.790s] -- Installing: /home/charles/ros2_ws/install/turtlesim/include/turtlesim/turtlesim/srv/detail/teleport_relative__struct.h
[13.790s] -- Installing: /home/charles/ros2_ws/install/turtlesim/include/turtlesim/turtlesim/srv/detail/spawn__functions.c
[13.790s] -- Installing: /home/charles/ros2_ws/install/turtlesim/include/turtlesim/turtlesim/srv/detail/spawn__functions.h
[13.790s] -- Installing: /home/charles/ros2_ws/install/turtlesim/include/turtlesim/turtlesim/srv/detail/teleport_absolute__struct.h
[13.790s] -- Installing: /home/charles/ros2_ws/install/turtlesim/include/turtlesim/turtlesim/srv/detail/teleport_relative__functions.c
[13.790s] -- Installing: /home/charles/ros2_ws/install/turtlesim/include/turtlesim/turtlesim/srv/detail/kill__functions.h
[13.790s] -- Installing: /home/charles/ros2_ws/install/turtlesim/include/turtlesim/turtlesim/srv/detail/teleport_relative__functions.h
[13.790s] -- Installing: /home/charles/ros2_ws/install/turtlesim/include/turtlesim/turtlesim/srv/detail/set_pen__type_support.h
[13.790s] -- Installing: /home/charles/ros2_ws/install/turtlesim/include/turtlesim/turtlesim/srv/detail/kill__type_support.h
[13.790s] -- Installing: /home/charles/ros2_ws/install/turtlesim/include/turtlesim/turtlesim/srv/detail/spawn__type_support.h
[13.790s] -- Installing: /home/charles/ros2_ws/install/turtlesim/include/turtlesim/turtlesim/srv/detail/teleport_absolute__type_support.h
[13.790s] -- Installing: /home/charles/ros2_ws/install/turtlesim/include/turtlesim/turtlesim/srv/detail/set_pen__functions.h
[13.791s] -- Installing: /home/charles/ros2_ws/install/turtlesim/include/turtlesim/turtlesim/srv/detail/kill__struct.h
[13.791s] -- Installing: /home/charles/ros2_ws/install/turtlesim/include/turtlesim/turtlesim/srv/detail/teleport_absolute__functions.h
[13.791s] -- Installing: /home/charles/ros2_ws/install/turtlesim/include/turtlesim/turtlesim/srv/teleport_relative.h
[13.791s] -- Installing: /home/charles/ros2_ws/install/turtlesim/include/turtlesim/turtlesim/srv/teleport_absolute.h
[13.791s] -- Installing: /home/charles/ros2_ws/install/turtlesim/include/turtlesim/turtlesim/msg
[13.791s] -- Installing: /home/charles/ros2_ws/install/turtlesim/include/turtlesim/turtlesim/msg/color.h
[13.791s] -- Installing: /home/charles/ros2_ws/install/turtlesim/include/turtlesim/turtlesim/msg/rosidl_generator_c__visibility_control.h
[13.791s] -- Installing: /home/charles/ros2_ws/install/turtlesim/include/turtlesim/turtlesim/msg/detail
[13.791s] -- Installing: /home/charles/ros2_ws/install/turtlesim/include/turtlesim/turtlesim/msg/detail/pose__struct.h
[13.791s] -- Installing: /home/charles/ros2_ws/install/turtlesim/include/turtlesim/turtlesim/msg/detail/color__functions.c
[13.791s] -- Installing: /home/charles/ros2_ws/install/turtlesim/include/turtlesim/turtlesim/msg/detail/color__type_support.h
[13.791s] -- Installing: /home/charles/ros2_ws/install/turtlesim/include/turtlesim/turtlesim/msg/detail/pose__functions.c
[13.791s] -- Installing: /home/charles/ros2_ws/install/turtlesim/include/turtlesim/turtlesim/msg/detail/pose__functions.h
[13.791s] -- Installing: /home/charles/ros2_ws/install/turtlesim/include/turtlesim/turtlesim/msg/detail/color__functions.h
[13.791s] -- Installing: /home/charles/ros2_ws/install/turtlesim/include/turtlesim/turtlesim/msg/detail/color__struct.h
[13.791s] -- Installing: /home/charles/ros2_ws/install/turtlesim/include/turtlesim/turtlesim/msg/detail/pose__type_support.h
[13.791s] -- Installing: /home/charles/ros2_ws/install/turtlesim/include/turtlesim/turtlesim/msg/pose.h
[13.791s] -- Installing: /home/charles/ros2_ws/install/turtlesim/share/turtlesim/environment/library_path.sh
[13.791s] -- Installing: /home/charles/ros2_ws/install/turtlesim/share/turtlesim/environment/library_path.dsv
[13.791s] -- Installing: /home/charles/ros2_ws/install/turtlesim/lib/libturtlesim__rosidl_generator_c.so
[13.792s] -- Set runtime path of "/home/charles/ros2_ws/install/turtlesim/lib/libturtlesim__rosidl_generator_c.so" to ""
[13.792s] -- Up-to-date: /home/charles/ros2_ws/install/turtlesim/include/turtlesim/turtlesim
[13.792s] -- Up-to-date: /home/charles/ros2_ws/install/turtlesim/include/turtlesim/turtlesim/action
[13.792s] -- Up-to-date: /home/charles/ros2_ws/install/turtlesim/include/turtlesim/turtlesim/action/detail
[13.792s] -- Installing: /home/charles/ros2_ws/install/turtlesim/include/turtlesim/turtlesim/action/detail/rotate_absolute__rosidl_typesupport_fastrtps_c.h
[13.792s] -- Up-to-date: /home/charles/ros2_ws/install/turtlesim/include/turtlesim/turtlesim/srv
[13.792s] -- Up-to-date: /home/charles/ros2_ws/install/turtlesim/include/turtlesim/turtlesim/srv/detail
[13.792s] -- Installing: /home/charles/ros2_ws/install/turtlesim/include/turtlesim/turtlesim/srv/detail/spawn__rosidl_typesupport_fastrtps_c.h
[13.792s] -- Installing: /home/charles/ros2_ws/install/turtlesim/include/turtlesim/turtlesim/srv/detail/set_pen__rosidl_typesupport_fastrtps_c.h
[13.792s] -- Installing: /home/charles/ros2_ws/install/turtlesim/include/turtlesim/turtlesim/srv/detail/teleport_absolute__rosidl_typesupport_fastrtps_c.h
[13.792s] -- Installing: /home/charles/ros2_ws/install/turtlesim/include/turtlesim/turtlesim/srv/detail/teleport_relative__rosidl_typesupport_fastrtps_c.h
[13.793s] -- Installing: /home/charles/ros2_ws/install/turtlesim/include/turtlesim/turtlesim/srv/detail/kill__rosidl_typesupport_fastrtps_c.h
[13.793s] -- Up-to-date: /home/charles/ros2_ws/install/turtlesim/include/turtlesim/turtlesim/msg
[13.793s] -- Installing: /home/charles/ros2_ws/install/turtlesim/include/turtlesim/turtlesim/msg/rosidl_typesupport_fastrtps_c__visibility_control.h
[13.793s] -- Up-to-date: /home/charles/ros2_ws/install/turtlesim/include/turtlesim/turtlesim/msg/detail
[13.793s] -- Installing: /home/charles/ros2_ws/install/turtlesim/include/turtlesim/turtlesim/msg/detail/pose__rosidl_typesupport_fastrtps_c.h
[13.793s] -- Installing: /home/charles/ros2_ws/install/turtlesim/include/turtlesim/turtlesim/msg/detail/color__rosidl_typesupport_fastrtps_c.h
[13.793s] -- Installing: /home/charles/ros2_ws/install/turtlesim/lib/libturtlesim__rosidl_typesupport_fastrtps_c.so
[13.793s] -- Set runtime path of "/home/charles/ros2_ws/install/turtlesim/lib/libturtlesim__rosidl_typesupport_fastrtps_c.so" to ""
[13.793s] -- Up-to-date: /home/charles/ros2_ws/install/turtlesim/include/turtlesim/turtlesim
[13.793s] -- Up-to-date: /home/charles/ros2_ws/install/turtlesim/include/turtlesim/turtlesim/action
[13.793s] -- Up-to-date: /home/charles/ros2_ws/install/turtlesim/include/turtlesim/turtlesim/action/detail
[13.793s] -- Installing: /home/charles/ros2_ws/install/turtlesim/include/turtlesim/turtlesim/action/detail/rotate_absolute__struct.hpp
[13.793s] -- Installing: /home/charles/ros2_ws/install/turtlesim/include/turtlesim/turtlesim/action/detail/rotate_absolute__builder.hpp
[13.793s] -- Installing: /home/charles/ros2_ws/install/turtlesim/include/turtlesim/turtlesim/action/detail/rotate_absolute__traits.hpp
[13.793s] -- Installing: /home/charles/ros2_ws/install/turtlesim/include/turtlesim/turtlesim/action/rotate_absolute.hpp
[13.793s] -- Up-to-date: /home/charles/ros2_ws/install/turtlesim/include/turtlesim/turtlesim/srv
[13.793s] -- Installing: /home/charles/ros2_ws/install/turtlesim/include/turtlesim/turtlesim/srv/spawn.hpp
[13.793s] -- Installing: /home/charles/ros2_ws/install/turtlesim/include/turtlesim/turtlesim/srv/kill.hpp
[13.793s] -- Installing: /home/charles/ros2_ws/install/turtlesim/include/turtlesim/turtlesim/srv/teleport_absolute.hpp
[13.793s] -- Up-to-date: /home/charles/ros2_ws/install/turtlesim/include/turtlesim/turtlesim/srv/detail
[13.793s] -- Installing: /home/charles/ros2_ws/install/turtlesim/include/turtlesim/turtlesim/srv/detail/spawn__traits.hpp
[13.793s] -- Installing: /home/charles/ros2_ws/install/turtlesim/include/turtlesim/turtlesim/srv/detail/teleport_relative__struct.hpp
[13.793s] -- Installing: /home/charles/ros2_ws/install/turtlesim/include/turtlesim/turtlesim/srv/detail/teleport_absolute__struct.hpp
[13.793s] -- Installing: /home/charles/ros2_ws/install/turtlesim/include/turtlesim/turtlesim/srv/detail/teleport_absolute__traits.hpp
[13.793s] -- Installing: /home/charles/ros2_ws/install/turtlesim/include/turtlesim/turtlesim/srv/detail/kill__builder.hpp
[13.793s] -- Installing: /home/charles/ros2_ws/install/turtlesim/include/turtlesim/turtlesim/srv/detail/set_pen__struct.hpp
[13.793s] -- Installing: /home/charles/ros2_ws/install/turtlesim/include/turtlesim/turtlesim/srv/detail/spawn__builder.hpp
[13.794s] -- Installing: /home/charles/ros2_ws/install/turtlesim/include/turtlesim/turtlesim/srv/detail/teleport_absolute__builder.hpp
[13.794s] -- Installing: /home/charles/ros2_ws/install/turtlesim/include/turtlesim/turtlesim/srv/detail/set_pen__traits.hpp
[13.794s] -- Installing: /home/charles/ros2_ws/install/turtlesim/include/turtlesim/turtlesim/srv/detail/kill__struct.hpp
[13.794s] -- Installing: /home/charles/ros2_ws/install/turtlesim/include/turtlesim/turtlesim/srv/detail/kill__traits.hpp
[13.794s] -- Installing: /home/charles/ros2_ws/install/turtlesim/include/turtlesim/turtlesim/srv/detail/teleport_relative__builder.hpp
[13.794s] -- Installing: /home/charles/ros2_ws/install/turtlesim/include/turtlesim/turtlesim/srv/detail/set_pen__builder.hpp
[13.794s] -- Installing: /home/charles/ros2_ws/install/turtlesim/include/turtlesim/turtlesim/srv/detail/spawn__struct.hpp
[13.794s] -- Installing: /home/charles/ros2_ws/install/turtlesim/include/turtlesim/turtlesim/srv/detail/teleport_relative__traits.hpp
[13.794s] -- Installing: /home/charles/ros2_ws/install/turtlesim/include/turtlesim/turtlesim/srv/teleport_relative.hpp
[13.794s] -- Installing: /home/charles/ros2_ws/install/turtlesim/include/turtlesim/turtlesim/srv/set_pen.hpp
[13.794s] -- Up-to-date: /home/charles/ros2_ws/install/turtlesim/include/turtlesim/turtlesim/msg
[13.794s] -- Installing: /home/charles/ros2_ws/install/turtlesim/include/turtlesim/turtlesim/msg/color.hpp
[13.794s] -- Installing: /home/charles/ros2_ws/install/turtlesim/include/turtlesim/turtlesim/msg/pose.hpp
[13.794s] -- Up-to-date: /home/charles/ros2_ws/install/turtlesim/include/turtlesim/turtlesim/msg/detail
[13.794s] -- Installing: /home/charles/ros2_ws/install/turtlesim/include/turtlesim/turtlesim/msg/detail/pose__struct.hpp
[13.794s] -- Installing: /home/charles/ros2_ws/install/turtlesim/include/turtlesim/turtlesim/msg/detail/color__struct.hpp
[13.794s] -- Installing: /home/charles/ros2_ws/install/turtlesim/include/turtlesim/turtlesim/msg/detail/pose__traits.hpp
[13.794s] -- Installing: /home/charles/ros2_ws/install/turtlesim/include/turtlesim/turtlesim/msg/detail/color__builder.hpp
[13.794s] -- Installing: /home/charles/ros2_ws/install/turtlesim/include/turtlesim/turtlesim/msg/detail/pose__builder.hpp
[13.794s] -- Installing: /home/charles/ros2_ws/install/turtlesim/include/turtlesim/turtlesim/msg/detail/color__traits.hpp
[13.794s] -- Up-to-date: /home/charles/ros2_ws/install/turtlesim/include/turtlesim/turtlesim
[13.794s] -- Up-to-date: /home/charles/ros2_ws/install/turtlesim/include/turtlesim/turtlesim/action
[13.794s] -- Up-to-date: /home/charles/ros2_ws/install/turtlesim/include/turtlesim/turtlesim/action/detail
[13.794s] -- Installing: /home/charles/ros2_ws/install/turtlesim/include/turtlesim/turtlesim/action/detail/rotate_absolute__rosidl_typesupport_fastrtps_cpp.hpp
[13.794s] -- Installing: /home/charles/ros2_ws/install/turtlesim/include/turtlesim/turtlesim/action/detail/dds_fastrtps
[13.794s] -- Up-to-date: /home/charles/ros2_ws/install/turtlesim/include/turtlesim/turtlesim/srv
[13.794s] -- Up-to-date: /home/charles/ros2_ws/install/turtlesim/include/turtlesim/turtlesim/srv/detail
[13.795s] -- Installing: /home/charles/ros2_ws/install/turtlesim/include/turtlesim/turtlesim/srv/detail/teleport_relative__rosidl_typesupport_fastrtps_cpp.hpp
[13.795s] -- Installing: /home/charles/ros2_ws/install/turtlesim/include/turtlesim/turtlesim/srv/detail/kill__rosidl_typesupport_fastrtps_cpp.hpp
[13.795s] -- Installing: /home/charles/ros2_ws/install/turtlesim/include/turtlesim/turtlesim/srv/detail/set_pen__rosidl_typesupport_fastrtps_cpp.hpp
[13.795s] -- Installing: /home/charles/ros2_ws/install/turtlesim/include/turtlesim/turtlesim/srv/detail/teleport_absolute__rosidl_typesupport_fastrtps_cpp.hpp
[13.795s] -- Installing: /home/charles/ros2_ws/install/turtlesim/include/turtlesim/turtlesim/srv/detail/spawn__rosidl_typesupport_fastrtps_cpp.hpp
[13.795s] -- Installing: /home/charles/ros2_ws/install/turtlesim/include/turtlesim/turtlesim/srv/detail/dds_fastrtps
[13.795s] -- Up-to-date: /home/charles/ros2_ws/install/turtlesim/include/turtlesim/turtlesim/msg
[13.795s] -- Up-to-date: /home/charles/ros2_ws/install/turtlesim/include/turtlesim/turtlesim/msg/detail
[13.795s] -- Installing: /home/charles/ros2_ws/install/turtlesim/include/turtlesim/turtlesim/msg/detail/color__rosidl_typesupport_fastrtps_cpp.hpp
[13.795s] -- Installing: /home/charles/ros2_ws/install/turtlesim/include/turtlesim/turtlesim/msg/detail/pose__rosidl_typesupport_fastrtps_cpp.hpp
[13.795s] -- Installing: /home/charles/ros2_ws/install/turtlesim/include/turtlesim/turtlesim/msg/detail/dds_fastrtps
[13.795s] -- Installing: /home/charles/ros2_ws/install/turtlesim/include/turtlesim/turtlesim/msg/rosidl_typesupport_fastrtps_cpp__visibility_control.h
[13.796s] -- Installing: /home/charles/ros2_ws/install/turtlesim/lib/libturtlesim__rosidl_typesupport_fastrtps_cpp.so
[13.796s] -- Set runtime path of "/home/charles/ros2_ws/install/turtlesim/lib/libturtlesim__rosidl_typesupport_fastrtps_cpp.so" to ""
[13.796s] -- Up-to-date: /home/charles/ros2_ws/install/turtlesim/include/turtlesim/turtlesim
[13.796s] -- Up-to-date: /home/charles/ros2_ws/install/turtlesim/include/turtlesim/turtlesim/action
[13.796s] -- Up-to-date: /home/charles/ros2_ws/install/turtlesim/include/turtlesim/turtlesim/action/detail
[13.796s] -- Installing: /home/charles/ros2_ws/install/turtlesim/include/turtlesim/turtlesim/action/detail/rotate_absolute__type_support.c
[13.796s] -- Installing: /home/charles/ros2_ws/install/turtlesim/include/turtlesim/turtlesim/action/detail/rotate_absolute__rosidl_typesupport_introspection_c.h
[13.796s] -- Up-to-date: /home/charles/ros2_ws/install/turtlesim/include/turtlesim/turtlesim/srv
[13.796s] -- Up-to-date: /home/charles/ros2_ws/install/turtlesim/include/turtlesim/turtlesim/srv/detail
[13.796s] -- Installing: /home/charles/ros2_ws/install/turtlesim/include/turtlesim/turtlesim/srv/detail/set_pen__rosidl_typesupport_introspection_c.h
[13.796s] -- Installing: /home/charles/ros2_ws/install/turtlesim/include/turtlesim/turtlesim/srv/detail/kill__type_support.c
[13.796s] -- Installing: /home/charles/ros2_ws/install/turtlesim/include/turtlesim/turtlesim/srv/detail/teleport_absolute__type_support.c
[13.796s] -- Installing: /home/charles/ros2_ws/install/turtlesim/include/turtlesim/turtlesim/srv/detail/spawn__type_support.c
[13.796s] -- Installing: /home/charles/ros2_ws/install/turtlesim/include/turtlesim/turtlesim/srv/detail/kill__rosidl_typesupport_introspection_c.h
[13.796s] -- Installing: /home/charles/ros2_ws/install/turtlesim/include/turtlesim/turtlesim/srv/detail/teleport_relative__rosidl_typesupport_introspection_c.h
[13.796s] -- Installing: /home/charles/ros2_ws/install/turtlesim/include/turtlesim/turtlesim/srv/detail/spawn__rosidl_typesupport_introspection_c.h
[13.797s] -- Installing: /home/charles/ros2_ws/install/turtlesim/include/turtlesim/turtlesim/srv/detail/teleport_relative__type_support.c
[13.797s] -- Installing: /home/charles/ros2_ws/install/turtlesim/include/turtlesim/turtlesim/srv/detail/set_pen__type_support.c
[13.797s] -- Installing: /home/charles/ros2_ws/install/turtlesim/include/turtlesim/turtlesim/srv/detail/teleport_absolute__rosidl_typesupport_introspection_c.h
[13.797s] -- Up-to-date: /home/charles/ros2_ws/install/turtlesim/include/turtlesim/turtlesim/msg
[13.797s] -- Installing: /home/charles/ros2_ws/install/turtlesim/include/turtlesim/turtlesim/msg/rosidl_typesupport_introspection_c__visibility_control.h
[13.797s] -- Up-to-date: /home/charles/ros2_ws/install/turtlesim/include/turtlesim/turtlesim/msg/detail
[13.797s] -- Installing: /home/charles/ros2_ws/install/turtlesim/include/turtlesim/turtlesim/msg/detail/pose__type_support.c
[13.797s] -- Installing: /home/charles/ros2_ws/install/turtlesim/include/turtlesim/turtlesim/msg/detail/pose__rosidl_typesupport_introspection_c.h
[13.797s] -- Installing: /home/charles/ros2_ws/install/turtlesim/include/turtlesim/turtlesim/msg/detail/color__rosidl_typesupport_introspection_c.h
[13.797s] -- Installing: /home/charles/ros2_ws/install/turtlesim/include/turtlesim/turtlesim/msg/detail/color__type_support.c
[13.798s] -- Installing: /home/charles/ros2_ws/install/turtlesim/lib/libturtlesim__rosidl_typesupport_introspection_c.so
[13.798s] -- Set runtime path of "/home/charles/ros2_ws/install/turtlesim/lib/libturtlesim__rosidl_typesupport_introspection_c.so" to ""
[13.798s] -- Installing: /home/charles/ros2_ws/install/turtlesim/lib/libturtlesim__rosidl_typesupport_c.so
[13.799s] -- Set runtime path of "/home/charles/ros2_ws/install/turtlesim/lib/libturtlesim__rosidl_typesupport_c.so" to ""
[13.799s] -- Up-to-date: /home/charles/ros2_ws/install/turtlesim/include/turtlesim/turtlesim
[13.799s] -- Up-to-date: /home/charles/ros2_ws/install/turtlesim/include/turtlesim/turtlesim/action
[13.799s] -- Up-to-date: /home/charles/ros2_ws/install/turtlesim/include/turtlesim/turtlesim/action/detail
[13.799s] -- Installing: /home/charles/ros2_ws/install/turtlesim/include/turtlesim/turtlesim/action/detail/rotate_absolute__type_support.cpp
[13.799s] -- Installing: /home/charles/ros2_ws/install/turtlesim/include/turtlesim/turtlesim/action/detail/rotate_absolute__rosidl_typesupport_introspection_cpp.hpp
[13.799s] -- Up-to-date: /home/charles/ros2_ws/install/turtlesim/include/turtlesim/turtlesim/srv
[13.799s] -- Up-to-date: /home/charles/ros2_ws/install/turtlesim/include/turtlesim/turtlesim/srv/detail
[13.799s] -- Installing: /home/charles/ros2_ws/install/turtlesim/include/turtlesim/turtlesim/srv/detail/spawn__type_support.cpp
[13.800s] -- Installing: /home/charles/ros2_ws/install/turtlesim/include/turtlesim/turtlesim/srv/detail/teleport_relative__type_support.cpp
[13.800s] -- Installing: /home/charles/ros2_ws/install/turtlesim/include/turtlesim/turtlesim/srv/detail/kill__rosidl_typesupport_introspection_cpp.hpp
[13.800s] -- Installing: /home/charles/ros2_ws/install/turtlesim/include/turtlesim/turtlesim/srv/detail/set_pen__rosidl_typesupport_introspection_cpp.hpp
[13.800s] -- Installing: /home/charles/ros2_ws/install/turtlesim/include/turtlesim/turtlesim/srv/detail/set_pen__type_support.cpp
[13.800s] -- Installing: /home/charles/ros2_ws/install/turtlesim/include/turtlesim/turtlesim/srv/detail/spawn__rosidl_typesupport_introspection_cpp.hpp
[13.800s] -- Installing: /home/charles/ros2_ws/install/turtlesim/include/turtlesim/turtlesim/srv/detail/kill__type_support.cpp
[13.800s] -- Installing: /home/charles/ros2_ws/install/turtlesim/include/turtlesim/turtlesim/srv/detail/teleport_absolute__type_support.cpp
[13.801s] -- Installing: /home/charles/ros2_ws/install/turtlesim/include/turtlesim/turtlesim/srv/detail/teleport_relative__rosidl_typesupport_introspection_cpp.hpp
[13.801s] -- Installing: /home/charles/ros2_ws/install/turtlesim/include/turtlesim/turtlesim/srv/detail/teleport_absolute__rosidl_typesupport_introspection_cpp.hpp
[13.801s] -- Up-to-date: /home/charles/ros2_ws/install/turtlesim/include/turtlesim/turtlesim/msg
[13.801s] -- Up-to-date: /home/charles/ros2_ws/install/turtlesim/include/turtlesim/turtlesim/msg/detail
[13.801s] -- Installing: /home/charles/ros2_ws/install/turtlesim/include/turtlesim/turtlesim/msg/detail/pose__type_support.cpp
[13.801s] -- Installing: /home/charles/ros2_ws/install/turtlesim/include/turtlesim/turtlesim/msg/detail/color__type_support.cpp
[13.801s] -- Installing: /home/charles/ros2_ws/install/turtlesim/include/turtlesim/turtlesim/msg/detail/pose__rosidl_typesupport_introspection_cpp.hpp
[13.801s] -- Installing: /home/charles/ros2_ws/install/turtlesim/include/turtlesim/turtlesim/msg/detail/color__rosidl_typesupport_introspection_cpp.hpp
[13.801s] -- Installing: /home/charles/ros2_ws/install/turtlesim/lib/libturtlesim__rosidl_typesupport_introspection_cpp.so
[13.802s] -- Set runtime path of "/home/charles/ros2_ws/install/turtlesim/lib/libturtlesim__rosidl_typesupport_introspection_cpp.so" to ""
[13.802s] -- Installing: /home/charles/ros2_ws/install/turtlesim/lib/libturtlesim__rosidl_typesupport_cpp.so
[13.803s] -- Set runtime path of "/home/charles/ros2_ws/install/turtlesim/lib/libturtlesim__rosidl_typesupport_cpp.so" to ""
[13.803s] -- Installing: /home/charles/ros2_ws/install/turtlesim/share/turtlesim/environment/pythonpath.sh
[13.803s] -- Installing: /home/charles/ros2_ws/install/turtlesim/share/turtlesim/environment/pythonpath.dsv
[13.803s] -- Installing: /home/charles/ros2_ws/install/turtlesim/local/lib/python3.10/dist-packages/turtlesim-1.4.2-py3.10.egg-info
[13.803s] -- Installing: /home/charles/ros2_ws/install/turtlesim/local/lib/python3.10/dist-packages/turtlesim-1.4.2-py3.10.egg-info/SOURCES.txt
[13.803s] -- Installing: /home/charles/ros2_ws/install/turtlesim/local/lib/python3.10/dist-packages/turtlesim-1.4.2-py3.10.egg-info/top_level.txt
[13.803s] -- Installing: /home/charles/ros2_ws/install/turtlesim/local/lib/python3.10/dist-packages/turtlesim-1.4.2-py3.10.egg-info/dependency_links.txt
[13.803s] -- Installing: /home/charles/ros2_ws/install/turtlesim/local/lib/python3.10/dist-packages/turtlesim-1.4.2-py3.10.egg-info/PKG-INFO
[13.804s] -- Installing: /home/charles/ros2_ws/install/turtlesim/local/lib/python3.10/dist-packages/turtlesim
[13.804s] -- Installing: /home/charles/ros2_ws/install/turtlesim/local/lib/python3.10/dist-packages/turtlesim/libturtlesim__rosidl_generator_py.so
[13.804s] -- Installing: /home/charles/ros2_ws/install/turtlesim/local/lib/python3.10/dist-packages/turtlesim/action
[13.804s] -- Installing: /home/charles/ros2_ws/install/turtlesim/local/lib/python3.10/dist-packages/turtlesim/action/_rotate_absolute.py
[13.804s] -- Installing: /home/charles/ros2_ws/install/turtlesim/local/lib/python3.10/dist-packages/turtlesim/action/_rotate_absolute_s.c
[13.804s] -- Installing: /home/charles/ros2_ws/install/turtlesim/local/lib/python3.10/dist-packages/turtlesim/action/__init__.py
[13.804s] -- Installing: /home/charles/ros2_ws/install/turtlesim/local/lib/python3.10/dist-packages/turtlesim/turtlesim_s__rosidl_typesupport_introspection_c.cpython-310-x86_64-linux-gnu.so
[13.805s] -- Installing: /home/charles/ros2_ws/install/turtlesim/local/lib/python3.10/dist-packages/turtlesim/_turtlesim_s.ep.rosidl_typesupport_introspection_c.c
[13.805s] -- Installing: /home/charles/ros2_ws/install/turtlesim/local/lib/python3.10/dist-packages/turtlesim/_turtlesim_s.ep.rosidl_typesupport_c.c
[13.805s] -- Installing: /home/charles/ros2_ws/install/turtlesim/local/lib/python3.10/dist-packages/turtlesim/_turtlesim_s.ep.rosidl_typesupport_fastrtps_c.c
[13.805s] -- Installing: /home/charles/ros2_ws/install/turtlesim/local/lib/python3.10/dist-packages/turtlesim/srv
[13.805s] -- Installing: /home/charles/ros2_ws/install/turtlesim/local/lib/python3.10/dist-packages/turtlesim/srv/_spawn_s.c
[13.805s] -- Installing: /home/charles/ros2_ws/install/turtlesim/local/lib/python3.10/dist-packages/turtlesim/srv/_teleport_absolute_s.c
[13.806s] -- Installing: /home/charles/ros2_ws/install/turtlesim/local/lib/python3.10/dist-packages/turtlesim/srv/_kill_s.c
[13.806s] -- Installing: /home/charles/ros2_ws/install/turtlesim/local/lib/python3.10/dist-packages/turtlesim/srv/_teleport_relative.py
[13.806s] -- Installing: /home/charles/ros2_ws/install/turtlesim/local/lib/python3.10/dist-packages/turtlesim/srv/_set_pen.py
[13.806s] -- Installing: /home/charles/ros2_ws/install/turtlesim/local/lib/python3.10/dist-packages/turtlesim/srv/_spawn.py
[13.806s] -- Installing: /home/charles/ros2_ws/install/turtlesim/local/lib/python3.10/dist-packages/turtlesim/srv/_kill.py
[13.806s] -- Installing: /home/charles/ros2_ws/install/turtlesim/local/lib/python3.10/dist-packages/turtlesim/srv/_teleport_absolute.py
[13.806s] -- Installing: /home/charles/ros2_ws/install/turtlesim/local/lib/python3.10/dist-packages/turtlesim/srv/__init__.py
[13.806s] -- Installing: /home/charles/ros2_ws/install/turtlesim/local/lib/python3.10/dist-packages/turtlesim/srv/_teleport_relative_s.c
[13.806s] -- Installing: /home/charles/ros2_ws/install/turtlesim/local/lib/python3.10/dist-packages/turtlesim/srv/_set_pen_s.c
[13.806s] -- Installing: /home/charles/ros2_ws/install/turtlesim/local/lib/python3.10/dist-packages/turtlesim/__init__.py
[13.806s] -- Installing: /home/charles/ros2_ws/install/turtlesim/local/lib/python3.10/dist-packages/turtlesim/msg
[13.806s] -- Installing: /home/charles/ros2_ws/install/turtlesim/local/lib/python3.10/dist-packages/turtlesim/msg/_pose_s.c
[13.806s] -- Installing: /home/charles/ros2_ws/install/turtlesim/local/lib/python3.10/dist-packages/turtlesim/msg/_color.py
[13.807s] -- Installing: /home/charles/ros2_ws/install/turtlesim/local/lib/python3.10/dist-packages/turtlesim/msg/_color_s.c
[13.807s] -- Installing: /home/charles/ros2_ws/install/turtlesim/local/lib/python3.10/dist-packages/turtlesim/msg/_pose.py
[13.807s] -- Installing: /home/charles/ros2_ws/install/turtlesim/local/lib/python3.10/dist-packages/turtlesim/msg/__init__.py
[13.807s] -- Installing: /home/charles/ros2_ws/install/turtlesim/local/lib/python3.10/dist-packages/turtlesim/turtlesim_s__rosidl_typesupport_fastrtps_c.cpython-310-x86_64-linux-gnu.so
[13.807s] -- Installing: /home/charles/ros2_ws/install/turtlesim/local/lib/python3.10/dist-packages/turtlesim/turtlesim_s__rosidl_typesupport_c.cpython-310-x86_64-linux-gnu.so
[13.839s] Listing '/home/charles/ros2_ws/install/turtlesim/local/lib/python3.10/dist-packages/turtlesim'...
[13.839s] Compiling '/home/charles/ros2_ws/install/turtlesim/local/lib/python3.10/dist-packages/turtlesim/__init__.py'...
[13.839s] Listing '/home/charles/ros2_ws/install/turtlesim/local/lib/python3.10/dist-packages/turtlesim/action'...
[13.839s] Compiling '/home/charles/ros2_ws/install/turtlesim/local/lib/python3.10/dist-packages/turtlesim/action/__init__.py'...
[13.839s] Compiling '/home/charles/ros2_ws/install/turtlesim/local/lib/python3.10/dist-packages/turtlesim/action/_rotate_absolute.py'...
[13.839s] Listing '/home/charles/ros2_ws/install/turtlesim/local/lib/python3.10/dist-packages/turtlesim/msg'...
[13.839s] Compiling '/home/charles/ros2_ws/install/turtlesim/local/lib/python3.10/dist-packages/turtlesim/msg/__init__.py'...
[13.839s] Compiling '/home/charles/ros2_ws/install/turtlesim/local/lib/python3.10/dist-packages/turtlesim/msg/_color.py'...
[13.839s] Compiling '/home/charles/ros2_ws/install/turtlesim/local/lib/python3.10/dist-packages/turtlesim/msg/_pose.py'...
[13.839s] Listing '/home/charles/ros2_ws/install/turtlesim/local/lib/python3.10/dist-packages/turtlesim/srv'...
[13.839s] Compiling '/home/charles/ros2_ws/install/turtlesim/local/lib/python3.10/dist-packages/turtlesim/srv/__init__.py'...
[13.839s] Compiling '/home/charles/ros2_ws/install/turtlesim/local/lib/python3.10/dist-packages/turtlesim/srv/_kill.py'...
[13.839s] Compiling '/home/charles/ros2_ws/install/turtlesim/local/lib/python3.10/dist-packages/turtlesim/srv/_set_pen.py'...
[13.839s] Compiling '/home/charles/ros2_ws/install/turtlesim/local/lib/python3.10/dist-packages/turtlesim/srv/_spawn.py'...
[13.839s] Compiling '/home/charles/ros2_ws/install/turtlesim/local/lib/python3.10/dist-packages/turtlesim/srv/_teleport_absolute.py'...
[13.839s] Compiling '/home/charles/ros2_ws/install/turtlesim/local/lib/python3.10/dist-packages/turtlesim/srv/_teleport_relative.py'...
[13.842s] -- Installing: /home/charles/ros2_ws/install/turtlesim/local/lib/python3.10/dist-packages/turtlesim/turtlesim_s__rosidl_typesupport_fastrtps_c.cpython-310-x86_64-linux-gnu.so
[13.842s] -- Set runtime path of "/home/charles/ros2_ws/install/turtlesim/local/lib/python3.10/dist-packages/turtlesim/turtlesim_s__rosidl_typesupport_fastrtps_c.cpython-310-x86_64-linux-gnu.so" to ""
[13.842s] -- Installing: /home/charles/ros2_ws/install/turtlesim/local/lib/python3.10/dist-packages/turtlesim/turtlesim_s__rosidl_typesupport_introspection_c.cpython-310-x86_64-linux-gnu.so
[13.842s] -- Set runtime path of "/home/charles/ros2_ws/install/turtlesim/local/lib/python3.10/dist-packages/turtlesim/turtlesim_s__rosidl_typesupport_introspection_c.cpython-310-x86_64-linux-gnu.so" to ""
[13.843s] -- Installing: /home/charles/ros2_ws/install/turtlesim/local/lib/python3.10/dist-packages/turtlesim/turtlesim_s__rosidl_typesupport_c.cpython-310-x86_64-linux-gnu.so
[13.843s] -- Set runtime path of "/home/charles/ros2_ws/install/turtlesim/local/lib/python3.10/dist-packages/turtlesim/turtlesim_s__rosidl_typesupport_c.cpython-310-x86_64-linux-gnu.so" to ""
[13.843s] -- Installing: /home/charles/ros2_ws/install/turtlesim/lib/libturtlesim__rosidl_generator_py.so
[13.843s] -- Set runtime path of "/home/charles/ros2_ws/install/turtlesim/lib/libturtlesim__rosidl_generator_py.so" to ""
[13.843s] -- Installing: /home/charles/ros2_ws/install/turtlesim/share/turtlesim/action/RotateAbsolute.idl
[13.843s] -- Installing: /home/charles/ros2_ws/install/turtlesim/share/turtlesim/msg/Color.idl
[13.843s] -- Installing: /home/charles/ros2_ws/install/turtlesim/share/turtlesim/msg/Pose.idl
[13.843s] -- Installing: /home/charles/ros2_ws/install/turtlesim/share/turtlesim/srv/Kill.idl
[13.843s] -- Installing: /home/charles/ros2_ws/install/turtlesim/share/turtlesim/srv/SetPen.idl
[13.843s] -- Installing: /home/charles/ros2_ws/install/turtlesim/share/turtlesim/srv/Spawn.idl
[13.843s] -- Installing: /home/charles/ros2_ws/install/turtlesim/share/turtlesim/srv/TeleportAbsolute.idl
[13.843s] -- Installing: /home/charles/ros2_ws/install/turtlesim/share/turtlesim/srv/TeleportRelative.idl
[13.843s] -- Installing: /home/charles/ros2_ws/install/turtlesim/share/turtlesim/action/RotateAbsolute.action
[13.843s] -- Installing: /home/charles/ros2_ws/install/turtlesim/share/turtlesim/msg/Color.msg
[13.843s] -- Installing: /home/charles/ros2_ws/install/turtlesim/share/turtlesim/msg/Pose.msg
[13.843s] -- Installing: /home/charles/ros2_ws/install/turtlesim/share/turtlesim/srv/Kill.srv
[13.843s] -- Installing: /home/charles/ros2_ws/install/turtlesim/share/turtlesim/srv/Kill_Request.msg
[13.843s] -- Installing: /home/charles/ros2_ws/install/turtlesim/share/turtlesim/srv/Kill_Response.msg
[13.844s] -- Installing: /home/charles/ros2_ws/install/turtlesim/share/turtlesim/srv/SetPen.srv
[13.844s] -- Installing: /home/charles/ros2_ws/install/turtlesim/share/turtlesim/srv/SetPen_Request.msg
[13.844s] -- Installing: /home/charles/ros2_ws/install/turtlesim/share/turtlesim/srv/SetPen_Response.msg
[13.844s] -- Installing: /home/charles/ros2_ws/install/turtlesim/share/turtlesim/srv/Spawn.srv
[13.844s] -- Installing: /home/charles/ros2_ws/install/turtlesim/share/turtlesim/srv/Spawn_Request.msg
[13.844s] -- Installing: /home/charles/ros2_ws/install/turtlesim/share/turtlesim/srv/Spawn_Response.msg
[13.844s] -- Installing: /home/charles/ros2_ws/install/turtlesim/share/turtlesim/srv/TeleportAbsolute.srv
[13.844s] -- Installing: /home/charles/ros2_ws/install/turtlesim/share/turtlesim/srv/TeleportAbsolute_Request.msg
[13.844s] -- Installing: /home/charles/ros2_ws/install/turtlesim/share/turtlesim/srv/TeleportAbsolute_Response.msg
[13.844s] -- Installing: /home/charles/ros2_ws/install/turtlesim/share/turtlesim/srv/TeleportRelative.srv
[13.844s] -- Installing: /home/charles/ros2_ws/install/turtlesim/share/turtlesim/srv/TeleportRelative_Request.msg
[13.844s] -- Installing: /home/charles/ros2_ws/install/turtlesim/share/turtlesim/srv/TeleportRelative_Response.msg
[13.844s] -- Installing: /home/charles/ros2_ws/install/turtlesim/lib/turtlesim/turtlesim_node
[13.848s] -- Set runtime path of "/home/charles/ros2_ws/install/turtlesim/lib/turtlesim/turtlesim_node" to ""
[13.848s] -- Installing: /home/charles/ros2_ws/install/turtlesim/lib/turtlesim/turtle_teleop_key
[13.848s] -- Set runtime path of "/home/charles/ros2_ws/install/turtlesim/lib/turtlesim/turtle_teleop_key" to ""
[13.848s] -- Installing: /home/charles/ros2_ws/install/turtlesim/lib/turtlesim/draw_square
[13.850s] -- Set runtime path of "/home/charles/ros2_ws/install/turtlesim/lib/turtlesim/draw_square" to ""
[13.850s] -- Installing: /home/charles/ros2_ws/install/turtlesim/lib/turtlesim/mimic
[13.852s] -- Set runtime path of "/home/charles/ros2_ws/install/turtlesim/lib/turtlesim/mimic" to ""
[13.852s] -- Installing: /home/charles/ros2_ws/install/turtlesim/share/turtlesim/images
[13.852s] -- Installing: /home/charles/ros2_ws/install/turtlesim/share/turtlesim/images/crystal.png
[13.860s] -- Installing: /home/charles/ros2_ws/install/turtlesim/share/turtlesim/images/rolling.png
[13.860s] -- Installing: /home/charles/ros2_ws/install/turtlesim/share/turtlesim/images/ardent.png
[13.860s] -- Installing: /home/charles/ros2_ws/install/turtlesim/share/turtlesim/images/foxy.png
[13.861s] -- Installing: /home/charles/ros2_ws/install/turtlesim/share/turtlesim/images/humble.png
[13.861s] -- Installing: /home/charles/ros2_ws/install/turtlesim/share/turtlesim/images/eloquent.png
[13.861s] -- Installing: /home/charles/ros2_ws/install/turtlesim/share/turtlesim/images/dashing.png
[13.861s] -- Installing: /home/charles/ros2_ws/install/turtlesim/share/turtlesim/images/bouncy.png
[13.861s] -- Installing: /home/charles/ros2_ws/install/turtlesim/share/turtlesim/images/galactic.png
[13.861s] -- Installing: /home/charles/ros2_ws/install/turtlesim/share/turtlesim/launch
[13.861s] -- Installing: /home/charles/ros2_ws/install/turtlesim/share/turtlesim/launch/multisim.launch.py
[13.861s] -- Installing: /home/charles/ros2_ws/install/turtlesim/share/ament_index/resource_index/package_run_dependencies/turtlesim
[13.861s] -- Installing: /home/charles/ros2_ws/install/turtlesim/share/ament_index/resource_index/parent_prefix_path/turtlesim
[13.861s] -- Installing: /home/charles/ros2_ws/install/turtlesim/share/turtlesim/environment/ament_prefix_path.sh
[13.861s] -- Installing: /home/charles/ros2_ws/install/turtlesim/share/turtlesim/environment/ament_prefix_path.dsv
[13.861s] -- Installing: /home/charles/ros2_ws/install/turtlesim/share/turtlesim/environment/path.sh
[13.861s] -- Installing: /home/charles/ros2_ws/install/turtlesim/share/turtlesim/environment/path.dsv
[13.862s] -- Installing: /home/charles/ros2_ws/install/turtlesim/share/turtlesim/local_setup.bash
[13.862s] -- Installing: /home/charles/ros2_ws/install/turtlesim/share/turtlesim/local_setup.sh
[13.862s] -- Installing: /home/charles/ros2_ws/install/turtlesim/share/turtlesim/local_setup.zsh
[13.862s] -- Installing: /home/charles/ros2_ws/install/turtlesim/share/turtlesim/local_setup.dsv
[13.862s] -- Installing: /home/charles/ros2_ws/install/turtlesim/share/turtlesim/package.dsv
[13.862s] -- Installing: /home/charles/ros2_ws/install/turtlesim/share/ament_index/resource_index/packages/turtlesim
[13.862s] -- Installing: /home/charles/ros2_ws/install/turtlesim/share/turtlesim/cmake/export_turtlesim__rosidl_generator_cExport.cmake
[13.862s] -- Installing: /home/charles/ros2_ws/install/turtlesim/share/turtlesim/cmake/export_turtlesim__rosidl_generator_cExport-noconfig.cmake
[13.862s] -- Installing: /home/charles/ros2_ws/install/turtlesim/share/turtlesim/cmake/export_turtlesim__rosidl_typesupport_fastrtps_cExport.cmake
[13.862s] -- Installing: /home/charles/ros2_ws/install/turtlesim/share/turtlesim/cmake/export_turtlesim__rosidl_typesupport_fastrtps_cExport-noconfig.cmake
[13.862s] -- Installing: /home/charles/ros2_ws/install/turtlesim/share/turtlesim/cmake/export_turtlesim__rosidl_generator_cppExport.cmake
[13.862s] -- Installing: /home/charles/ros2_ws/install/turtlesim/share/turtlesim/cmake/export_turtlesim__rosidl_typesupport_fastrtps_cppExport.cmake
[13.862s] -- Installing: /home/charles/ros2_ws/install/turtlesim/share/turtlesim/cmake/export_turtlesim__rosidl_typesupport_fastrtps_cppExport-noconfig.cmake
[13.862s] -- Installing: /home/charles/ros2_ws/install/turtlesim/share/turtlesim/cmake/turtlesim__rosidl_typesupport_introspection_cExport.cmake
[13.862s] -- Installing: /home/charles/ros2_ws/install/turtlesim/share/turtlesim/cmake/turtlesim__rosidl_typesupport_introspection_cExport-noconfig.cmake
[13.862s] -- Installing: /home/charles/ros2_ws/install/turtlesim/share/turtlesim/cmake/turtlesim__rosidl_typesupport_cExport.cmake
[13.862s] -- Installing: /home/charles/ros2_ws/install/turtlesim/share/turtlesim/cmake/turtlesim__rosidl_typesupport_cExport-noconfig.cmake
[13.862s] -- Installing: /home/charles/ros2_ws/install/turtlesim/share/turtlesim/cmake/turtlesim__rosidl_typesupport_introspection_cppExport.cmake
[13.862s] -- Installing: /home/charles/ros2_ws/install/turtlesim/share/turtlesim/cmake/turtlesim__rosidl_typesupport_introspection_cppExport-noconfig.cmake
[13.863s] -- Installing: /home/charles/ros2_ws/install/turtlesim/share/turtlesim/cmake/turtlesim__rosidl_typesupport_cppExport.cmake
[13.863s] -- Installing: /home/charles/ros2_ws/install/turtlesim/share/turtlesim/cmake/turtlesim__rosidl_typesupport_cppExport-noconfig.cmake
[13.863s] -- Installing: /home/charles/ros2_ws/install/turtlesim/share/turtlesim/cmake/export_turtlesim__rosidl_generator_pyExport.cmake
[13.863s] -- Installing: /home/charles/ros2_ws/install/turtlesim/share/turtlesim/cmake/export_turtlesim__rosidl_generator_pyExport-noconfig.cmake
[13.863s] -- Installing: /home/charles/ros2_ws/install/turtlesim/share/turtlesim/cmake/rosidl_cmake-extras.cmake
[13.863s] -- Installing: /home/charles/ros2_ws/install/turtlesim/share/turtlesim/cmake/ament_cmake_export_dependencies-extras.cmake
[13.863s] -- Installing: /home/charles/ros2_ws/install/turtlesim/share/turtlesim/cmake/ament_cmake_export_include_directories-extras.cmake
[13.863s] -- Installing: /home/charles/ros2_ws/install/turtlesim/share/turtlesim/cmake/ament_cmake_export_libraries-extras.cmake
[13.863s] -- Installing: /home/charles/ros2_ws/install/turtlesim/share/turtlesim/cmake/ament_cmake_export_targets-extras.cmake
[13.863s] -- Installing: /home/charles/ros2_ws/install/turtlesim/share/turtlesim/cmake/rosidl_cmake_export_typesupport_targets-extras.cmake
[13.863s] -- Installing: /home/charles/ros2_ws/install/turtlesim/share/turtlesim/cmake/rosidl_cmake_export_typesupport_libraries-extras.cmake
[13.863s] -- Installing: /home/charles/ros2_ws/install/turtlesim/share/turtlesim/cmake/turtlesimConfig.cmake
[13.863s] -- Installing: /home/charles/ros2_ws/install/turtlesim/share/turtlesim/cmake/turtlesimConfig-version.cmake
[13.863s] -- Installing: /home/charles/ros2_ws/install/turtlesim/share/turtlesim/package.xml
[13.865s] Invoked command in '/home/charles/ros2_ws/build/turtlesim' returned '0': CMAKE_PREFIX_PATH=/opt/ros/humble /usr/bin/cmake --install /home/charles/ros2_ws/build/turtlesim
