[1.002s] Invoking command in '/home/charles/devel/vulnerable_road_users/src/cv_basics': PYTHONPATH=/home/charles/devel/vulnerable_road_users/build/cv_basics/prefix_override:/usr/lib/python3/dist-packages/colcon_core/task/python/colcon_distutils_commands:/home/charles/devel/vulnerable_road_users/install/cv_basics/lib/python3.10/site-packages: /usr/bin/python3 -W ignore:setup.py install is deprecated setup.py egg_info --egg-base ../../build/cv_basics build --build-base /home/charles/devel/vulnerable_road_users/build/cv_basics/build install --record /home/charles/devel/vulnerable_road_users/build/cv_basics/install.log --single-version-externally-managed install_data
[1.200s] /home/charles/.local/lib/python3.10/site-packages/setuptools/_distutils/dist.py:261: UserWarning: Unknown distribution option: 'tests_require'
[1.200s]   warnings.warn(msg)
[1.302s] running egg_info
[1.319s] writing ../../build/cv_basics/cv_basics.egg-info/PKG-INFO
[1.319s] writing dependency_links to ../../build/cv_basics/cv_basics.egg-info/dependency_links.txt
[1.320s] writing entry points to ../../build/cv_basics/cv_basics.egg-info/entry_points.txt
[1.320s] writing requirements to ../../build/cv_basics/cv_basics.egg-info/requires.txt
[1.320s] writing top-level names to ../../build/cv_basics/cv_basics.egg-info/top_level.txt
[1.355s] reading manifest file '../../build/cv_basics/cv_basics.egg-info/SOURCES.txt'
[1.358s] writing manifest file '../../build/cv_basics/cv_basics.egg-info/SOURCES.txt'
[1.358s] running build
[1.358s] running build_py
[1.359s] copying cv_basics/webcam_sub.py -> /home/charles/devel/vulnerable_road_users/build/cv_basics/build/lib/cv_basics
[1.359s] copying cv_basics/__init__.py -> /home/charles/devel/vulnerable_road_users/build/cv_basics/build/lib/cv_basics
[1.359s] copying cv_basics/webcam_pub.py -> /home/charles/devel/vulnerable_road_users/build/cv_basics/build/lib/cv_basics
[1.360s] running install
[1.367s] running install_lib
[1.384s] running install_data
[1.385s] copying resource/cv_basics -> /home/charles/devel/vulnerable_road_users/install/cv_basics/share/ament_index/resource_index/packages
[1.385s] copying package.xml -> /home/charles/devel/vulnerable_road_users/install/cv_basics/share/cv_basics
[1.386s] running install_egg_info
[1.403s] removing '/home/charles/devel/vulnerable_road_users/install/cv_basics/lib/python3.10/site-packages/cv_basics-0.0.0-py3.10.egg-info' (and everything under it)
[1.403s] Copying ../../build/cv_basics/cv_basics.egg-info to /home/charles/devel/vulnerable_road_users/install/cv_basics/lib/python3.10/site-packages/cv_basics-0.0.0-py3.10.egg-info
[1.405s] running install_scripts
[1.563s] Installing img_publisher script to /home/charles/devel/vulnerable_road_users/install/cv_basics/lib/cv_basics
[1.563s] Installing img_subscriber script to /home/charles/devel/vulnerable_road_users/install/cv_basics/lib/cv_basics
[1.564s] writing list of installed files to '/home/charles/devel/vulnerable_road_users/build/cv_basics/install.log'
[1.607s] Invoked command in '/home/charles/devel/vulnerable_road_users/src/cv_basics' returned '0': PYTHONPATH=/home/charles/devel/vulnerable_road_users/build/cv_basics/prefix_override:/usr/lib/python3/dist-packages/colcon_core/task/python/colcon_distutils_commands:/home/charles/devel/vulnerable_road_users/install/cv_basics/lib/python3.10/site-packages: /usr/bin/python3 -W ignore:setup.py install is deprecated setup.py egg_info --egg-base ../../build/cv_basics build --build-base /home/charles/devel/vulnerable_road_users/build/cv_basics/build install --record /home/charles/devel/vulnerable_road_users/build/cv_basics/install.log --single-version-externally-managed install_data
